TN:test
SF:/mnt/k/Bullet3Acc/BulletMinimal/Bullet/src/BulletCollision/BroadphaseCollision/btCollisionAlgorithm.cpp
FN:19,_ZN20btCollisionAlgorithmC2ERK36btCollisionAlgorithmConstructionInfo
FNDA:1187,_ZN20btCollisionAlgorithmC2ERK36btCollisionAlgorithmConstructionInfo
FNF:1
FNH:1
DA:19,1187
DA:21,1187
DA:22,1187
LF:3
LH:3
end_of_record
TN:test
SF:/mnt/k/Bullet3Acc/BulletMinimal/Bullet/src/BulletCollision/BroadphaseCollision/btDbvt.cpp
FN:24,_ZN20btDbvtNodeEnumeratorD0Ev
FN:24,_ZN20btDbvtNodeEnumeratorD2Ev
FN:27,_ZN20btDbvtNodeEnumerator7ProcessEPK10btDbvtNode
FN:59,_ZL11getmaxdepthPK10btDbvtNodeiRi
FN:77,_ZL17recursedeletenodeP6btDbvtP10btDbvtNode
FN:90,_ZL10createnodeP6btDbvtP10btDbvtNodePv.isra.13
FN:129,_ZL10insertleafP6btDbvtP10btDbvtNodeS2_
FN:173,_ZL10removeleafP6btDbvtP10btDbvtNode
FN:213,_ZL11fetchleavesP6btDbvtP10btDbvtNodeR20btAlignedObjectArrayIS2_Ei
FN:231,_ZL5splitRK20btAlignedObjectArrayIP10btDbvtNodeERS2_S5_RK9btVector3S8_
FN:249,_ZL6boundsRK20btAlignedObjectArrayIP10btDbvtNodeE
FN:266,_ZL8bottomupP6btDbvtR20btAlignedObjectArrayIP10btDbvtNodeE
FN:299,_ZL7topdownP6btDbvtR20btAlignedObjectArrayIP10btDbvtNodeEi
FN:369,_ZL4sortP10btDbvtNodeRS0_
FN:409,_ZN6btDbvtC2Ev
FN:419,_ZN6btDbvtD2Ev
FN:425,_ZN6btDbvt5clearEv
FN:438,_ZN6btDbvt16optimizeBottomUpEv
FN:451,_ZN6btDbvt15optimizeTopDownEi
FN:463,_ZN6btDbvt19optimizeIncrementalEi
FN:483,_ZN6btDbvt6insertERK12btDbvtAabbMmPv
FN:492,_ZN6btDbvt6updateEP10btDbvtNodei
FN:509,_ZN6btDbvt6updateEP10btDbvtNodeR12btDbvtAabbMm
FN:527,_ZN6btDbvt6updateEP10btDbvtNodeR12btDbvtAabbMmRK9btVector3f
FN:537,_ZN6btDbvt6updateEP10btDbvtNodeR12btDbvtAabbMmRK9btVector3
FN:546,_ZN6btDbvt6updateEP10btDbvtNodeR12btDbvtAabbMmf
FN:555,_ZN6btDbvt6removeEP10btDbvtNode
FN:563,_ZNK6btDbvt5writeEPNS_7IWriterE
FN:588,_ZNK6btDbvt5cloneERS_PNS_6ICloneE
FN:619,_ZN6btDbvt8maxdepthEPK10btDbvtNode
FN:627,_ZN6btDbvt11countLeavesEPK10btDbvtNode
FN:636,_ZN6btDbvt13extractLeavesEPK10btDbvtNodeR20btAlignedObjectArrayIS2_E
FNDA:0,_ZN20btDbvtNodeEnumeratorD0Ev
FNDA:0,_ZN20btDbvtNodeEnumeratorD2Ev
FNDA:0,_ZN20btDbvtNodeEnumerator7ProcessEPK10btDbvtNode
FNDA:0,_ZL11getmaxdepthPK10btDbvtNodeiRi
FNDA:0,_ZL17recursedeletenodeP6btDbvtP10btDbvtNode
FNDA:37243,_ZL10createnodeP6btDbvtP10btDbvtNodePv.isra.13
FNDA:37143,_ZL10insertleafP6btDbvtP10btDbvtNodeS2_
FNDA:37042,_ZL10removeleafP6btDbvtP10btDbvtNode
FNDA:0,_ZL11fetchleavesP6btDbvtP10btDbvtNodeR20btAlignedObjectArrayIS2_Ei
FNDA:0,_ZL5splitRK20btAlignedObjectArrayIP10btDbvtNodeERS2_S5_RK9btVector3S8_
FNDA:0,_ZL6boundsRK20btAlignedObjectArrayIP10btDbvtNodeE
FNDA:0,_ZL8bottomupP6btDbvtR20btAlignedObjectArrayIP10btDbvtNodeE
FNDA:0,_ZL7topdownP6btDbvtR20btAlignedObjectArrayIP10btDbvtNodeEi
FNDA:6962,_ZL4sortP10btDbvtNodeRS0_
FNDA:2,_ZN6btDbvtC2Ev
FNDA:0,_ZN6btDbvtD2Ev
FNDA:0,_ZN6btDbvt5clearEv
FNDA:0,_ZN6btDbvt16optimizeBottomUpEv
FNDA:0,_ZN6btDbvt15optimizeTopDownEi
FNDA:1558,_ZN6btDbvt19optimizeIncrementalEi
FNDA:101,_ZN6btDbvt6insertERK12btDbvtAabbMmPv
FNDA:1558,_ZN6btDbvt6updateEP10btDbvtNodei
FNDA:35484,_ZN6btDbvt6updateEP10btDbvtNodeR12btDbvtAabbMm
FNDA:120561,_ZN6btDbvt6updateEP10btDbvtNodeR12btDbvtAabbMmRK9btVector3f
FNDA:0,_ZN6btDbvt6updateEP10btDbvtNodeR12btDbvtAabbMmRK9btVector3
FNDA:0,_ZN6btDbvt6updateEP10btDbvtNodeR12btDbvtAabbMmf
FNDA:0,_ZN6btDbvt6removeEP10btDbvtNode
FNDA:0,_ZNK6btDbvt5writeEPNS_7IWriterE
FNDA:0,_ZNK6btDbvt5cloneERS_PNS_6ICloneE
FNDA:0,_ZN6btDbvt8maxdepthEPK10btDbvtNode
FNDA:0,_ZN6btDbvt11countLeavesEPK10btDbvtNode
FNDA:0,_ZN6btDbvt13extractLeavesEPK10btDbvtNodeR20btAlignedObjectArrayIS2_E
FNF:32
FNH:10
DA:24,0
DA:27,0
DA:33,112701
DA:42,0
DA:46,0
DA:47,0
DA:53,0
DA:54,0
DA:55,0
DA:59,0
DA:61,0
DA:63,0
DA:64,0
DA:65,0
DA:66,0
DA:72,37042
DA:73,37042
DA:77,0
DA:80,0
DA:82,0
DA:83,0
DA:85,0
DA:86,0
DA:87,0
DA:90,37243
DA:95,37243
DA:96,37042
DA:98,201
DA:99,37243
DA:100,37243
DA:101,37243
DA:102,37243
DA:111,101
DA:112,101
DA:123,37142
DA:124,37142
DA:129,37143
DA:133,37143
DA:135,1
DA:136,1
DA:140,37142
DA:143,499824
DA:144,249912
DA:145,249912
DA:146,249912
DA:148,37142
DA:149,74284
DA:150,37142
DA:152,37141
DA:153,37141
DA:154,37141
DA:156,124753
DA:157,91385
DA:160,91385
DA:161,91385
DA:165,1
DA:166,1
DA:167,1
DA:170,37143
DA:173,37042
DA:176,37042
DA:178,0
DA:179,0
DA:183,37042
DA:184,37042
DA:185,37042
DA:186,37042
DA:188,37040
DA:189,37040
DA:190,37040
DA:191,184060
DA:193,106807
DA:194,106807
DA:195,140104
DA:197,73510
DA:200,37040
DA:204,2
DA:205,2
DA:206,4
DA:207,2
DA:213,0
DA:218,0
DA:220,0
DA:221,0
DA:222,0
DA:226,0
DA:228,0
DA:231,0
DA:237,0
DA:238,0
DA:239,0
DA:241,0
DA:242,0
DA:244,0
DA:246,0
DA:249,0
DA:253,0
DA:254,0
DA:258,0
DA:260,0
DA:262,0
DA:266,0
DA:269,0
DA:273,0
DA:275,0
DA:277,0
DA:278,0
DA:280,0
DA:281,0
DA:282,0
DA:286,0
DA:287,0
DA:288,0
DA:289,0
DA:290,0
DA:291,0
DA:292,0
DA:293,0
DA:294,0
DA:296,0
DA:299,0
DA:305,0
DA:306,0
DA:308,0
DA:310,0
DA:311,0
DA:312,0
DA:313,0
DA:314,0
DA:315,0
DA:317,0
DA:319,0
DA:320,0
DA:322,0
DA:325,0
DA:327,0
DA:329,0
DA:330,0
DA:332,0
DA:333,0
DA:337,0
DA:339,0
DA:340,0
DA:341,0
DA:345,0
DA:346,0
DA:347,0
DA:349,0
DA:352,0
DA:353,0
DA:354,0
DA:355,0
DA:356,0
DA:361,0
DA:362,0
DA:365,0
DA:369,6962
DA:371,6962
DA:373,6962
DA:375,1482
DA:376,741
DA:377,741
DA:378,741
DA:380,1478
DA:381,741
DA:382,741
DA:383,741
DA:384,741
DA:385,741
DA:386,741
DA:387,741
DA:388,741
DA:389,741
DA:390,1482
DA:391,741
DA:409,6
DA:411,2
DA:412,2
DA:413,2
DA:414,2
DA:415,2
DA:416,2
DA:419,0
DA:421,0
DA:422,0
DA:425,0
DA:427,0
DA:428,0
DA:429,0
DA:430,0
DA:431,0
DA:432,0
DA:433,0
DA:435,0
DA:438,0
DA:440,0
DA:442,0
DA:443,0
DA:444,0
DA:445,0
DA:446,0
DA:448,0
DA:451,0
DA:453,0
DA:455,0
DA:456,0
DA:457,0
DA:458,0
DA:460,0
DA:463,1558
DA:465,1558
DA:466,1558
DA:469,1558
DA:470,1558
DA:471,15482
DA:473,6962
DA:474,6962
DA:476,1558
DA:477,1558
DA:478,1558
DA:480,1558
DA:483,101
DA:485,101
DA:486,101
DA:487,101
DA:488,101
DA:492,1558
DA:494,1558
DA:495,1558
DA:497,1558
DA:499,0
DA:501,0
DA:503,1558
DA:505,1558
DA:506,1558
DA:509,35484
DA:511,35484
DA:512,35484
DA:514,35484
DA:516,0
DA:518,0
DA:520,35484
DA:522,35484
DA:523,35484
DA:524,35484
DA:527,120561
DA:529,120561
DA:530,70968
DA:531,35484
DA:532,35484
DA:533,35484
DA:537,0
DA:539,0
DA:540,0
DA:541,0
DA:542,0
DA:546,0
DA:548,0
DA:549,0
DA:550,0
DA:551,0
DA:555,0
DA:557,0
DA:558,0
DA:559,0
DA:560,0
DA:563,0
DA:565,0
DA:566,0
DA:567,0
DA:568,0
DA:569,0
DA:571,0
DA:572,0
DA:573,0
DA:574,0
DA:576,0
DA:577,0
DA:578,0
DA:582,0
DA:585,0
DA:588,0
DA:590,0
DA:591,0
DA:593,0
DA:594,0
DA:595,0
DA:597,0
DA:598,0
DA:599,0
DA:600,0
DA:601,0
DA:602,0
DA:604,0
DA:605,0
DA:607,0
DA:608,0
DA:612,0
DA:614,0
DA:616,0
DA:619,0
DA:621,0
DA:622,0
DA:623,0
DA:627,0
DA:629,0
DA:630,0
DA:636,0
DA:638,0
DA:640,0
DA:641,0
DA:645,0
DA:647,0
LF:313
LH:121
end_of_record
SF:/mnt/k/Bullet3Acc/BulletMinimal/Bullet/src/BulletCollision/BroadphaseCollision/btDbvt.h
FN:230,_ZN6btDbvt8ICollide7ProcessEPK10btDbvtNodeS3_
FN:231,_ZN6btDbvt8ICollide7ProcessEPK10btDbvtNode
FN:232,_ZN6btDbvt8ICollide7ProcessEPK10btDbvtNodef
FN:233,_ZN6btDbvt8ICollide7DescentEPK10btDbvtNode
FN:234,_ZN6btDbvt8ICollide9AllLeavesEPK10btDbvtNode
FN:248,_ZN6btDbvt6IClone9CloneLeafEP10btDbvtNode
FN:451,_ZN12btDbvtAabbMm12SignedExpandERK9btVector3
FN:564,_Z9ProximityRK12btDbvtAabbMmS1_
FN:574,_Z6SelectRK12btDbvtAabbMmS1_S1_
FN:653,_Z5MergeRK12btDbvtAabbMmS1_RS_
FN:693,_ZN6btDbvt9enumNodesEPK10btDbvtNodeRNS_8ICollideE
FNDA:0,_ZN6btDbvt8ICollide7ProcessEPK10btDbvtNodeS3_
FNDA:0,_ZN6btDbvt8ICollide7ProcessEPK10btDbvtNode
FNDA:0,_ZN6btDbvt8ICollide7ProcessEPK10btDbvtNodef
FNDA:0,_ZN6btDbvt8ICollide7DescentEPK10btDbvtNode
FNDA:0,_ZN6btDbvt8ICollide9AllLeavesEPK10btDbvtNode
FNDA:0,_ZN6btDbvt6IClone9CloneLeafEP10btDbvtNode
FNDA:35484,_ZN12btDbvtAabbMm12SignedExpandERK9btVector3
FNDA:499824,_Z9ProximityRK12btDbvtAabbMmS1_
FNDA:249912,_Z6SelectRK12btDbvtAabbMmS1_S1_
FNDA:235334,_Z5MergeRK12btDbvtAabbMmS1_RS_
FNDA:0,_ZN6btDbvt9enumNodesEPK10btDbvtNodeRNS_8ICollideE
FNF:11
FNH:4
DA:130,603
DA:132,0
DA:133,0
DA:177,402
DA:182,8520
DA:222,0
DA:230,0
DA:231,0
DA:232,0
DA:233,0
DA:234,0
DA:248,0
DA:447,106452
DA:451,35484
DA:453,70968
DA:454,70968
DA:455,70968
DA:456,35484
DA:461,443039
DA:462,368617
DA:463,330493
DA:464,299095
DA:465,508594
DA:466,123786
DA:564,499824
DA:567,1999296
DA:568,1999296
DA:574,249912
DA:648,249912
DA:653,235334
DA:667,941336
DA:669,2824008
DA:670,2824008
DA:673,235334
DA:679,191645
DA:680,155376
DA:681,133887
DA:682,114308
DA:683,194598
DA:684,36832
DA:693,0
DA:697,0
DA:698,0
DA:700,0
DA:701,0
DA:703,0
LF:46
LH:31
end_of_record
SF:/mnt/k/Bullet3Acc/BulletMinimal/Bullet/src/LinearMath/btAlignedAllocator.h
DA:86,0
DA:90,0
LF:2
LH:0
end_of_record
SF:/mnt/k/Bullet3Acc/BulletMinimal/Bullet/src/LinearMath/btAlignedObjectArray.h
FN:220,_ZN20btAlignedObjectArrayIP10btDbvtNodeE6resizeEiRKS1_
FN:276,_ZN20btAlignedObjectArrayIN6btDbvt7sStkCLNEE9push_backERKS1_
FN:276,_ZN20btAlignedObjectArrayIPK10btDbvtNodeE9push_backERKS2_
FN:276,_ZN20btAlignedObjectArrayIP10btDbvtNodeE9push_backERKS1_
FN:300,_ZN20btAlignedObjectArrayIN6btDbvt7sStkCLNEE7reserveEi
FN:300,_ZN20btAlignedObjectArrayIPK10btDbvtNodeE7reserveEi
FN:300,_ZN20btAlignedObjectArrayIP10btDbvtNodeE7reserveEi
FNDA:0,_ZN20btAlignedObjectArrayIP10btDbvtNodeE6resizeEiRKS1_
FNDA:0,_ZN20btAlignedObjectArrayIN6btDbvt7sStkCLNEE9push_backERKS1_
FNDA:0,_ZN20btAlignedObjectArrayIP10btDbvtNodeE9push_backERKS1_
FNDA:0,_ZN20btAlignedObjectArrayIPK10btDbvtNodeE9push_backERKS2_
FNDA:0,_ZN20btAlignedObjectArrayIN6btDbvt7sStkCLNEE7reserveEi
FNDA:0,_ZN20btAlignedObjectArrayIP10btDbvtNodeE7reserveEi
FNDA:0,_ZN20btAlignedObjectArrayIPK10btDbvtNodeE7reserveEi
FNF:7
FNH:0
DA:72,0
DA:77,0
DA:79,0
DA:88,4
DA:89,4
DA:90,4
DA:91,4
DA:96,0
DA:104,0
DA:105,0
DA:111,0
DA:113,0
DA:115,0
DA:126,4
DA:127,4
DA:128,4
DA:133,0
DA:134,0
DA:172,0
DA:179,0
DA:186,0
DA:188,0
DA:190,0
DA:196,0
DA:220,0
DA:222,0
DA:224,0
DA:232,0
DA:234,0
DA:237,0
DA:239,0
DA:245,0
DA:246,0
DA:276,0
DA:278,0
DA:279,0
DA:281,0
DA:285,0
DA:290,0
DA:291,0
DA:300,0
DA:302,0
DA:304,0
DA:306,0
DA:308,0
DA:310,0
DA:313,0
DA:315,0
DA:317,0
DA:320,0
DA:415,0
DA:416,0
DA:417,0
DA:467,0
DA:470,0
DA:472,0
LF:56
LH:7
end_of_record
SF:/mnt/k/Bullet3Acc/BulletMinimal/Bullet/src/LinearMath/btMinMax.h
DA:31,0
LF:1
LH:0
end_of_record
SF:/mnt/k/Bullet3Acc/BulletMinimal/Bullet/src/LinearMath/btScalar.h
DA:379,1499472
DA:509,741
DA:510,741
DA:511,741
LF:4
LH:4
end_of_record
SF:/mnt/k/Bullet3Acc/BulletMinimal/Bullet/src/LinearMath/btVector3.h
DA:115,402
DA:127,0
DA:128,0
DA:129,0
DA:130,0
DA:131,35484
DA:166,35484
DA:167,35484
DA:168,35484
DA:183,35484
DA:184,35484
DA:185,35484
DA:245,0
DA:246,0
DA:247,0
DA:552,35484
DA:554,35484
DA:556,35484
DA:571,1412004
DA:572,2824008
DA:744,999648
DA:745,999648
DA:746,999648
DA:747,999648
DA:780,499824
DA:781,499824
DA:782,499824
DA:783,499824
DA:813,0
DA:875,0
LF:30
LH:21
end_of_record
TN:test
SF:/mnt/k/Bullet3Acc/BulletMinimal/Bullet/src/BulletCollision/BroadphaseCollision/btBroadphaseProxy.h
FN:249,_ZNK29btBroadphasePairSortPredicateclERK16btBroadphasePairS2_
FNDA:0,_ZNK29btBroadphasePairSortPredicateclERK16btBroadphasePairS2_
FNF:1
FNH:0
DA:123,101
DA:127,101
DA:129,101
DA:189,0
DA:193,0
DA:200,0
DA:201,0
DA:202,0
DA:203,0
DA:249,0
DA:251,0
DA:252,0
DA:253,0
DA:254,0
DA:256,0
DA:257,0
DA:258,0
DA:265,0
LF:18
LH:3
end_of_record
SF:/mnt/k/Bullet3Acc/BulletMinimal/Bullet/src/BulletCollision/BroadphaseCollision/btDbvt.h
FN:230,_ZN6btDbvt8ICollide7ProcessEPK10btDbvtNodeS3_
FN:231,_ZN6btDbvt8ICollide7ProcessEPK10btDbvtNode
FN:232,_ZN6btDbvt8ICollide7ProcessEPK10btDbvtNodef
FN:233,_ZN6btDbvt8ICollide7DescentEPK10btDbvtNode
FN:234,_ZN6btDbvt8ICollide9AllLeavesEPK10btDbvtNode
FN:653,_Z5MergeRK12btDbvtAabbMmS1_RS_
FN:789,_ZN6btDbvt24collideTTpersistentStackEPK10btDbvtNodeS2_RNS_8ICollideE
FN:922,_ZNK6btDbvt9collideTVEPK10btDbvtNodeRK12btDbvtAabbMmRNS_8ICollideE
FN:954,_ZNK6btDbvt15rayTestInternalEPK10btDbvtNodeRK9btVector3S5_S5_PjfS5_S5_RNS_8ICollideE
FNDA:0,_ZN6btDbvt8ICollide7ProcessEPK10btDbvtNodeS3_
FNDA:0,_ZN6btDbvt8ICollide7ProcessEPK10btDbvtNode
FNDA:0,_ZN6btDbvt8ICollide7ProcessEPK10btDbvtNodef
FNDA:0,_ZN6btDbvt8ICollide7DescentEPK10btDbvtNode
FNDA:0,_ZN6btDbvt8ICollide9AllLeavesEPK10btDbvtNode
FNDA:0,_Z5MergeRK12btDbvtAabbMmS1_RS_
FNDA:70968,_ZN6btDbvt24collideTTpersistentStackEPK10btDbvtNodeS2_RNS_8ICollideE
FNDA:202,_ZNK6btDbvt9collideTVEPK10btDbvtNodeRK12btDbvtAabbMmRNS_8ICollideE
FNDA:6,_ZNK6btDbvt15rayTestInternalEPK10btDbvtNodeRK9btVector3S5_S5_PjfS5_S5_RNS_8ICollideE
FNF:9
FNH:3
DA:130,361986
DA:182,1317894
DA:201,35484
DA:230,0
DA:231,0
DA:232,0
DA:233,0
DA:234,0
DA:399,0
DA:400,0
DA:407,0
DA:413,120662
DA:414,120662
DA:415,120662
DA:533,2453735
DA:534,2107673
DA:535,1932791
DA:536,1881128
DA:537,3124275
DA:538,886030
DA:653,0
DA:667,0
DA:669,0
DA:670,0
DA:673,0
DA:789,70968
DA:794,70968
DA:796,35484
DA:797,35484
DA:799,70968
DA:800,35484
DA:802,2278136
DA:803,1139068
DA:805,0
DA:806,0
DA:808,1139068
DA:810,70968
DA:812,0
DA:813,0
DA:814,0
DA:817,1743852
DA:819,1280536
DA:821,1103584
DA:823,0
DA:824,0
DA:825,0
DA:826,0
DA:830,1103584
DA:831,1103584
DA:836,176952
DA:838,0
DA:839,0
DA:843,88476
DA:847,1139068
DA:849,70968
DA:922,202
DA:927,202
DA:929,101
DA:930,202
DA:931,101
DA:932,101
DA:933,101
DA:935,5774
DA:936,2887
DA:937,4731
DA:939,1844
DA:941,1393
DA:942,1393
DA:946,451
DA:949,2887
DA:951,202
DA:954,6
DA:966,6
DA:968,3
DA:970,3
DA:971,3
DA:972,3
DA:973,3
DA:974,3
DA:978,102
DA:979,102
DA:980,102
DA:981,51
DA:982,51
DA:983,51
DA:984,51
DA:986,30
DA:988,24
DA:990,0
DA:991,0
DA:993,48
DA:994,48
DA:998,6
DA:1001,51
DA:1003,6
LF:95
LH:69
end_of_record
SF:/mnt/k/Bullet3Acc/BulletMinimal/Bullet/src/BulletCollision/BroadphaseCollision/btDbvtBroadphase.cpp
FN:92,_ZN18btDbvtTreeColliderD0Ev
FN:92,_ZN18btDbvtTreeColliderD2Ev
FN:97,_ZN18btDbvtTreeCollider7ProcessEPK10btDbvtNodeS2_
FN:111,_ZN18btDbvtTreeCollider7ProcessEPK10btDbvtNode
FN:122,_ZN16btDbvtBroadphaseC2EP22btOverlappingPairCache
FN:151,_ZN16btDbvtBroadphaseD2Ev
FN:151,_ZN16btDbvtBroadphaseD0Ev
FN:161,_ZN16btDbvtBroadphase11createProxyERK9btVector3S2_iPvssP12btDispatcherS3_
FN:192,_ZN16btDbvtBroadphase12destroyProxyEP17btBroadphaseProxyP12btDispatcher
FN:206,_ZNK16btDbvtBroadphase7getAabbEP17btBroadphaseProxyR9btVector3S3_
FN:213,_ZN19BroadphaseRayTesterD2Ev
FN:213,_ZN19BroadphaseRayTesterD0Ev
FN:220,_ZN19BroadphaseRayTester7ProcessEPK10btDbvtNode
FN:227,_ZN16btDbvtBroadphase7rayTestERK9btVector3S2_R23btBroadphaseRayCallbackS2_S2_
FN:254,_ZN20BroadphaseAabbTesterD0Ev
FN:254,_ZN20BroadphaseAabbTesterD2Ev
FN:261,_ZN20BroadphaseAabbTester7ProcessEPK10btDbvtNode
FN:268,_ZN16btDbvtBroadphase8aabbTestERK9btVector3S2_R24btBroadphaseAabbCallback
FN:282,_ZN16btDbvtBroadphase7setAabbEP17btBroadphaseProxyRK9btVector3S4_P12btDispatcher
FN:350,_ZN16btDbvtBroadphase18setAabbForceUpdateEP17btBroadphaseProxyRK9btVector3S4_P12btDispatcher
FN:390,_ZN16btDbvtBroadphase25calculateOverlappingPairsEP12btDispatcher
FN:417,_ZN16btDbvtBroadphase22performDeferredRemovalEP12btDispatcher
FN:490,_ZN16btDbvtBroadphase7collideEP12btDispatcher
FN:596,_ZN16btDbvtBroadphase8optimizeEv
FN:603,_ZN16btDbvtBroadphase23getOverlappingPairCacheEv
FN:609,_ZNK16btDbvtBroadphase23getOverlappingPairCacheEv
FN:615,_ZNK16btDbvtBroadphase17getBroadphaseAabbER9btVector3S1_
FN:632,_ZN16btDbvtBroadphase9resetPoolEP12btDispatcher
FN:665,_ZN16btDbvtBroadphase10printStatsEv
FN:789,_ZN16btDbvtBroadphase9benchmarkEP21btBroadphaseInterface
FNDA:0,_ZN18btDbvtTreeColliderD0Ev
FNDA:0,_ZN18btDbvtTreeColliderD2Ev
FNDA:88927,_ZN18btDbvtTreeCollider7ProcessEPK10btDbvtNodeS2_
FNDA:451,_ZN18btDbvtTreeCollider7ProcessEPK10btDbvtNode
FNDA:1,_ZN16btDbvtBroadphaseC2EP22btOverlappingPairCache
FNDA:0,_ZN16btDbvtBroadphaseD0Ev
FNDA:0,_ZN16btDbvtBroadphaseD2Ev
FNDA:101,_ZN16btDbvtBroadphase11createProxyERK9btVector3S2_iPvssP12btDispatcherS3_
FNDA:0,_ZN16btDbvtBroadphase12destroyProxyEP17btBroadphaseProxyP12btDispatcher
FNDA:0,_ZNK16btDbvtBroadphase7getAabbEP17btBroadphaseProxyR9btVector3S3_
FNDA:0,_ZN19BroadphaseRayTesterD0Ev
FNDA:0,_ZN19BroadphaseRayTesterD2Ev
FNDA:6,_ZN19BroadphaseRayTester7ProcessEPK10btDbvtNode
FNDA:3,_ZN16btDbvtBroadphase7rayTestERK9btVector3S2_R23btBroadphaseRayCallbackS2_S2_
FNDA:0,_ZN20BroadphaseAabbTesterD0Ev
FNDA:0,_ZN20BroadphaseAabbTesterD2Ev
FNDA:0,_ZN20BroadphaseAabbTester7ProcessEPK10btDbvtNode
FNDA:0,_ZN16btDbvtBroadphase8aabbTestERK9btVector3S2_R24btBroadphaseAabbCallback
FNDA:120561,_ZN16btDbvtBroadphase7setAabbEP17btBroadphaseProxyRK9btVector3S4_P12btDispatcher
FNDA:0,_ZN16btDbvtBroadphase18setAabbForceUpdateEP17btBroadphaseProxyRK9btVector3S4_P12btDispatcher
FNDA:1558,_ZN16btDbvtBroadphase25calculateOverlappingPairsEP12btDispatcher
FNDA:1558,_ZN16btDbvtBroadphase22performDeferredRemovalEP12btDispatcher
FNDA:1558,_ZN16btDbvtBroadphase7collideEP12btDispatcher
FNDA:0,_ZN16btDbvtBroadphase8optimizeEv
FNDA:3116,_ZN16btDbvtBroadphase23getOverlappingPairCacheEv
FNDA:0,_ZNK16btDbvtBroadphase23getOverlappingPairCacheEv
FNDA:0,_ZNK16btDbvtBroadphase17getBroadphaseAabbER9btVector3S1_
FNDA:0,_ZN16btDbvtBroadphase9resetPoolEP12btDispatcher
FNDA:0,_ZN16btDbvtBroadphase10printStatsEv
FNDA:0,_ZN16btDbvtBroadphase9benchmarkEP21btBroadphaseInterface
FNF:30
FNH:11
DA:56,120662
DA:57,120662
DA:58,120662
DA:59,120662
DA:66,120561
DA:67,120561
DA:92,37143
DA:96,37143
DA:97,88927
DA:99,88927
DA:101,88826
DA:102,88826
DA:107,88826
DA:108,88826
DA:110,88927
DA:111,451
DA:113,451
DA:114,451
DA:122,1
DA:124,1
DA:125,1
DA:126,1
DA:127,1
DA:128,1
DA:129,1
DA:130,1
DA:131,1
DA:132,1
DA:133,1
DA:134,1
DA:135,1
DA:136,1
DA:137,1
DA:138,1
DA:139,1
DA:140,1
DA:141,4
DA:143,3
DA:148,1
DA:151,0
DA:153,0
DA:155,0
DA:156,0
DA:158,0
DA:161,101
DA:170,101
DA:172,202
DA:174,101
DA:177,101
DA:178,101
DA:179,101
DA:180,202
DA:181,101
DA:183,202
DA:184,101
DA:185,101
DA:186,101
DA:188,101
DA:192,0
DA:195,0
DA:196,0
DA:197,0
DA:199,0
DA:200,0
DA:201,0
DA:202,0
DA:203,0
DA:204,0
DA:206,0
DA:208,0
DA:209,0
DA:210,0
DA:211,0
DA:213,3
DA:217,3
DA:220,6
DA:222,6
DA:223,6
DA:224,6
DA:227,3
DA:229,6
DA:231,3
DA:241,3
DA:251,3
DA:254,0
DA:258,0
DA:261,0
DA:263,0
DA:264,0
DA:265,0
DA:268,0
DA:270,0
DA:272,0
DA:274,0
DA:275,0
DA:277,0
DA:282,120561
DA:287,120561
DA:288,120561
DA:293,120561
DA:294,120561
DA:296,0
DA:297,0
DA:298,0
DA:302,120561
DA:303,241122
DA:306,241122
DA:307,482244
DA:308,120561
DA:309,120561
DA:310,120561
DA:311,120561
DA:313,120561
DA:319,35484
DA:320,35484
DA:325,0
DA:326,0
DA:327,0
DA:330,241122
DA:331,120561
DA:332,120561
DA:333,120561
DA:334,241122
DA:335,120561
DA:337,35484
DA:338,35484
DA:340,70968
DA:341,35484
DA:342,35484
DA:346,120561
DA:350,0
DA:355,0
DA:356,0
DA:357,0
DA:358,0
DA:360,0
DA:361,0
DA:362,0
DA:366,0
DA:368,0
DA:369,0
DA:370,0
DA:372,0
DA:373,0
DA:374,0
DA:375,0
DA:376,0
DA:379,0
DA:380,0
DA:382,0
DA:383,0
DA:384,0
DA:387,0
DA:390,1558
DA:392,1558
DA:413,1558
DA:415,1558
DA:417,1558
DA:420,1558
DA:423,0
DA:426,0
DA:428,0
DA:433,0
DA:434,0
DA:435,0
DA:436,0
DA:439,0
DA:442,0
DA:444,0
DA:446,0
DA:448,0
DA:450,0
DA:453,0
DA:454,0
DA:455,0
DA:474,0
DA:476,0
DA:477,0
DA:478,0
DA:484,0
DA:485,0
DA:487,1558
DA:490,1558
DA:511,1558
DA:512,1558
DA:514,0
DA:515,0
DA:516,0
DA:519,1558
DA:520,1558
DA:521,1558
DA:523,0
DA:525,0
DA:526,0
DA:527,0
DA:534,0
DA:535,0
DA:536,0
DA:537,0
DA:538,0
DA:539,0
DA:540,0
DA:541,0
DA:545,3116
DA:546,1558
DA:549,0
DA:551,1558
DA:554,0
DA:558,1558
DA:561,1553
DA:562,1553
DA:565,4659
DA:566,92506
DA:568,181906
DA:569,90953
DA:570,90953
DA:571,90953
DA:577,1122
DA:578,1122
DA:581,1553
DA:584,1558
DA:585,1558
DA:586,1558
DA:587,1558
DA:588,1558
DA:590,0
DA:591,1558
DA:592,1558
DA:593,1558
DA:596,0
DA:598,0
DA:599,0
DA:600,0
DA:603,3116
DA:605,3116
DA:609,0
DA:611,0
DA:615,0
DA:618,0
DA:620,0
DA:621,0
DA:624,0
DA:625,0
DA:627,0
DA:628,0
DA:629,0
DA:630,0
DA:632,0
DA:635,0
DA:636,0
DA:639,0
DA:640,0
DA:642,0
DA:643,0
DA:644,0
DA:645,0
DA:646,0
DA:647,0
DA:648,0
DA:649,0
DA:650,0
DA:651,0
DA:652,0
DA:654,0
DA:655,0
DA:656,0
DA:657,0
DA:659,0
DA:662,0
DA:665,0
DA:666,0
DA:789,0
DA:790,0
LF:273
LH:130
end_of_record
SF:/mnt/k/Bullet3Acc/BulletMinimal/Bullet/src/BulletCollision/BroadphaseCollision/btDbvtBroadphase.h
DA:50,101
DA:51,202
DA:53,101
LF:3
LH:3
end_of_record
SF:/mnt/k/Bullet3Acc/BulletMinimal/Bullet/src/BulletCollision/BroadphaseCollision/btOverlappingPairCache.h
FN:122,_ZN28btHashedOverlappingPairCache18addOverlappingPairEP17btBroadphaseProxyS1_
FN:149,_ZN28btHashedOverlappingPairCache23getOverlappingPairArrayEv
FN:255,_ZN28btHashedOverlappingPairCache18hasDeferredRemovalEv
FN:330,_ZN28btSortedOverlappingPairCache23getOverlappingPairArrayEv
FN:368,_ZN28btSortedOverlappingPairCache18hasDeferredRemovalEv
FN:401,_ZN15btNullPairCache23getOverlappingPairArrayEv
FN:406,_ZN15btNullPairCache20cleanOverlappingPairER16btBroadphasePairP12btDispatcher
FN:434,_ZN15btNullPairCache18hasDeferredRemovalEv
FN:444,_ZN15btNullPairCache18addOverlappingPairEP17btBroadphaseProxyS1_
FN:449,_ZN15btNullPairCache21removeOverlappingPairEP17btBroadphaseProxyS1_P12btDispatcher
FN:454,_ZN15btNullPairCache37removeOverlappingPairsContainingProxyEP17btBroadphaseProxyP12btDispatcher
FNDA:0,_ZN28btHashedOverlappingPairCache18addOverlappingPairEP17btBroadphaseProxyS1_
FNDA:0,_ZN28btHashedOverlappingPairCache23getOverlappingPairArrayEv
FNDA:0,_ZN28btHashedOverlappingPairCache18hasDeferredRemovalEv
FNDA:0,_ZN28btSortedOverlappingPairCache23getOverlappingPairArrayEv
FNDA:0,_ZN28btSortedOverlappingPairCache18hasDeferredRemovalEv
FNDA:0,_ZN15btNullPairCache23getOverlappingPairArrayEv
FNDA:0,_ZN15btNullPairCache20cleanOverlappingPairER16btBroadphasePairP12btDispatcher
FNDA:0,_ZN15btNullPairCache18hasDeferredRemovalEv
FNDA:0,_ZN15btNullPairCache18addOverlappingPairEP17btBroadphaseProxyS1_
FNDA:0,_ZN15btNullPairCache21removeOverlappingPairEP17btBroadphaseProxyS1_P12btDispatcher
FNDA:0,_ZN15btNullPairCache37removeOverlappingPairsContainingProxyEP17btBroadphaseProxyP12btDispatcher
FNF:11
FNH:0
DA:111,0
DA:112,0
DA:114,0
DA:115,0
DA:122,0
DA:124,0
DA:126,0
DA:129,0
DA:149,0
DA:151,0
DA:255,0
DA:257,0
DA:330,0
DA:332,0
DA:368,0
DA:370,0
DA:401,0
DA:403,0
DA:406,0
DA:409,0
DA:434,0
DA:436,0
DA:444,0
DA:446,0
DA:449,0
DA:451,0
DA:454,0
DA:456,0
LF:28
LH:0
end_of_record
SF:/mnt/k/Bullet3Acc/BulletMinimal/Bullet/src/LinearMath/btAabbUtil2.h
FN:90,_Z10btRayAabb2RK9btVector3S1_PKjPS0_Rfff
FNDA:51,_Z10btRayAabb2RK9btVector3S1_PKjPS0_Rfff
FNF:1
FNH:1
DA:90,51
DA:99,51
DA:100,51
DA:101,51
DA:102,51
DA:104,51
DA:107,42
DA:108,34
DA:110,42
DA:111,25
DA:113,42
DA:114,42
DA:116,42
DA:118,30
DA:119,10
DA:120,30
DA:121,0
DA:122,30
LF:18
LH:17
end_of_record
SF:/mnt/k/Bullet3Acc/BulletMinimal/Bullet/src/LinearMath/btAlignedAllocator.h
DA:86,103
DA:90,101
LF:2
LH:2
end_of_record
SF:/mnt/k/Bullet3Acc/BulletMinimal/Bullet/src/LinearMath/btAlignedObjectArray.h
FN:220,_ZN20btAlignedObjectArrayIPK10btDbvtNodeE6resizeEiRKS2_
FN:220,_ZN20btAlignedObjectArrayIN6btDbvt6sStkNNEE6resizeEiRKS1_
FN:220,_ZN20btAlignedObjectArrayI16btBroadphasePairE6resizeEiRKS0_
FN:276,_ZN20btAlignedObjectArrayIPK10btDbvtNodeE9push_backERKS2_
FN:300,_ZN20btAlignedObjectArrayIN6btDbvt6sStkNNEE7reserveEi
FN:300,_ZN20btAlignedObjectArrayIPK10btDbvtNodeE7reserveEi
FN:300,_ZN20btAlignedObjectArrayI16btBroadphasePairE7reserveEi
FN:335,_ZN20btAlignedObjectArrayI16btBroadphasePairE17quickSortInternalI29btBroadphasePairSortPredicateEEvRKT_ii
FNDA:0,_ZN20btAlignedObjectArrayI16btBroadphasePairE6resizeEiRKS0_
FNDA:104,_ZN20btAlignedObjectArrayIPK10btDbvtNodeE6resizeEiRKS2_
FNDA:35484,_ZN20btAlignedObjectArrayIN6btDbvt6sStkNNEE6resizeEiRKS1_
FNDA:2887,_ZN20btAlignedObjectArrayIPK10btDbvtNodeE9push_backERKS2_
FNDA:0,_ZN20btAlignedObjectArrayI16btBroadphasePairE7reserveEi
FNDA:1,_ZN20btAlignedObjectArrayIN6btDbvt6sStkNNEE7reserveEi
FNDA:102,_ZN20btAlignedObjectArrayIPK10btDbvtNodeE7reserveEi
FNDA:0,_ZN20btAlignedObjectArrayI16btBroadphasePairE17quickSortInternalI29btBroadphasePairSortPredicateEEvRKT_ii
FNF:8
FNH:5
DA:72,0
DA:77,103
DA:79,0
DA:88,101
DA:89,101
DA:90,101
DA:91,101
DA:96,204
DA:104,103
DA:105,206
DA:111,204
DA:113,101
DA:115,101
DA:126,101
DA:127,101
DA:128,101
DA:133,101
DA:179,2336591
DA:186,101
DA:188,202
DA:190,101
DA:196,2887
DA:220,35588
DA:222,35588
DA:224,35588
DA:232,35588
DA:234,2
DA:237,36100
DA:239,256
DA:245,35588
DA:246,35588
DA:276,2887
DA:278,2887
DA:279,2887
DA:281,0
DA:285,2887
DA:290,2887
DA:291,2887
DA:300,103
DA:302,103
DA:304,206
DA:306,206
DA:308,103
DA:310,103
DA:313,103
DA:315,103
DA:317,103
DA:320,103
DA:335,0
DA:339,0
DA:340,0
DA:345,0
DA:346,0
DA:347,0
DA:348,0
DA:349,0
DA:351,0
DA:352,0
DA:354,0
DA:357,0
DA:358,0
DA:359,0
DA:360,0
DA:361,0
DA:368,0
DA:370,0
DA:415,0
DA:416,0
DA:417,0
LF:69
LH:45
end_of_record
SF:/mnt/k/Bullet3Acc/BulletMinimal/Bullet/src/LinearMath/btMinMax.h
DA:25,1553
DA:31,1553
LF:2
LH:2
end_of_record
SF:/mnt/k/Bullet3Acc/BulletMinimal/Bullet/src/LinearMath/btVector3.h
DA:115,241324
DA:131,0
DA:571,0
DA:572,0
DA:744,0
DA:745,0
DA:780,241224
DA:781,241224
DA:782,241224
DA:783,241224
DA:813,241122
DA:837,120561
LF:12
LH:7
end_of_record
TN:test
SF:/mnt/k/Bullet3Acc/BulletMinimal/Bullet/src/BulletCollision/BroadphaseCollision/btDispatcher.cpp
FN:18,_ZN12btDispatcherD0Ev
FN:18,_ZN12btDispatcherD2Ev
FNDA:0,_ZN12btDispatcherD0Ev
FNDA:0,_ZN12btDispatcherD2Ev
FNF:2
FNH:0
DA:18,0
DA:21,0
LF:2
LH:0
end_of_record
TN:test
SF:/mnt/k/Bullet3Acc/BulletMinimal/Bullet/src/BulletCollision/BroadphaseCollision/btBroadphaseProxy.h
FN:249,_ZNK29btBroadphasePairSortPredicateclERK16btBroadphasePairS2_
FNDA:0,_ZNK29btBroadphasePairSortPredicateclERK16btBroadphasePairS2_
FNF:1
FNH:0
DA:200,254
DA:201,254
DA:202,254
DA:203,762
DA:207,1273
DA:210,1273
DA:212,1273
DA:213,1273
DA:217,0
DA:218,0
DA:221,1273
DA:222,1273
DA:249,0
DA:251,0
DA:252,0
DA:253,0
DA:254,0
DA:256,0
DA:257,0
DA:258,0
DA:265,0
LF:21
LH:10
end_of_record
SF:/mnt/k/Bullet3Acc/BulletMinimal/Bullet/src/BulletCollision/BroadphaseCollision/btOverlappingPairCache.cpp
FN:35,_ZN28btHashedOverlappingPairCacheC2Ev
FN:48,_ZN28btHashedOverlappingPairCacheD2Ev
FN:48,_ZN28btHashedOverlappingPairCacheD0Ev
FN:54,_ZN28btHashedOverlappingPairCache20cleanOverlappingPairER16btBroadphasePairP12btDispatcher
FN:69,_ZN28btHashedOverlappingPairCache19cleanProxyFromPairsEP17btBroadphaseProxyP12btDispatcher
FN:72,_ZZN28btHashedOverlappingPairCache19cleanProxyFromPairsEP17btBroadphaseProxyP12btDispatcherEN17CleanPairCallbackD2Ev
FN:72,_ZZN28btHashedOverlappingPairCache19cleanProxyFromPairsEP17btBroadphaseProxyP12btDispatcherEN17CleanPairCallbackD0Ev
FN:85,_ZZN28btHashedOverlappingPairCache19cleanProxyFromPairsEP17btBroadphaseProxyP12btDispatcherEN17CleanPairCallback14processOverlapER16btBroadphasePair
FN:106,_ZN28btHashedOverlappingPairCache37removeOverlappingPairsContainingProxyEP17btBroadphaseProxyP12btDispatcher
FN:109,_ZZN28btHashedOverlappingPairCache37removeOverlappingPairsContainingProxyEP17btBroadphaseProxyP12btDispatcherEN18RemovePairCallbackD2Ev
FN:109,_ZZN28btHashedOverlappingPairCache37removeOverlappingPairsContainingProxyEP17btBroadphaseProxyP12btDispatcherEN18RemovePairCallbackD0Ev
FN:118,_ZZN28btHashedOverlappingPairCache37removeOverlappingPairsContainingProxyEP17btBroadphaseProxyP12btDispatcherEN18RemovePairCallback14processOverlapER16btBroadphasePair
FN:136,_ZN28btHashedOverlappingPairCache8findPairEP17btBroadphaseProxyS1_
FN:172,_ZN28btHashedOverlappingPairCache10growTablesEv
FN:214,_ZN28btHashedOverlappingPairCache15internalAddPairEP17btBroadphaseProxyS1_
FN:273,_ZN28btHashedOverlappingPairCache21removeOverlappingPairEP17btBroadphaseProxyS1_P12btDispatcher
FN:377,_ZN28btHashedOverlappingPairCache26processAllOverlappingPairsEP17btOverlapCallbackP12btDispatcher
FN:399,_ZN28btHashedOverlappingPairCache20sortOverlappingPairsEP12btDispatcher
FN:430,_ZN28btSortedOverlappingPairCache21removeOverlappingPairEP17btBroadphaseProxyS1_P12btDispatcher
FN:462,_ZN28btSortedOverlappingPairCache18addOverlappingPairEP17btBroadphaseProxyS1_
FN:486,_ZN28btSortedOverlappingPairCache8findPairEP17btBroadphaseProxyS1_
FN:514,_ZN28btSortedOverlappingPairCache26processAllOverlappingPairsEP17btOverlapCallbackP12btDispatcher
FN:541,_ZN28btSortedOverlappingPairCacheC2Ev
FN:551,_ZN28btSortedOverlappingPairCacheD0Ev
FN:551,_ZN28btSortedOverlappingPairCacheD2Ev
FN:555,_ZN28btSortedOverlappingPairCache20cleanOverlappingPairER16btBroadphasePairP12btDispatcher
FN:569,_ZN28btSortedOverlappingPairCache19cleanProxyFromPairsEP17btBroadphaseProxyP12btDispatcher
FN:572,_ZZN28btSortedOverlappingPairCache19cleanProxyFromPairsEP17btBroadphaseProxyP12btDispatcherEN17CleanPairCallbackD2Ev
FN:572,_ZZN28btSortedOverlappingPairCache19cleanProxyFromPairsEP17btBroadphaseProxyP12btDispatcherEN17CleanPairCallbackD0Ev
FN:585,_ZZN28btSortedOverlappingPairCache19cleanProxyFromPairsEP17btBroadphaseProxyP12btDispatcherEN17CleanPairCallback14processOverlapER16btBroadphasePair
FN:604,_ZN28btSortedOverlappingPairCache37removeOverlappingPairsContainingProxyEP17btBroadphaseProxyP12btDispatcher
FN:607,_ZZN28btSortedOverlappingPairCache37removeOverlappingPairsContainingProxyEP17btBroadphaseProxyP12btDispatcherEN18RemovePairCallbackD2Ev
FN:607,_ZZN28btSortedOverlappingPairCache37removeOverlappingPairsContainingProxyEP17btBroadphaseProxyP12btDispatcherEN18RemovePairCallbackD0Ev
FN:616,_ZZN28btSortedOverlappingPairCache37removeOverlappingPairsContainingProxyEP17btBroadphaseProxyP12btDispatcherEN18RemovePairCallback14processOverlapER16btBroadphasePair
FN:629,_ZN28btSortedOverlappingPairCache20sortOverlappingPairsEP12btDispatcher
FNDA:1,_ZN28btHashedOverlappingPairCacheC2Ev
FNDA:0,_ZN28btHashedOverlappingPairCacheD0Ev
FNDA:0,_ZN28btHashedOverlappingPairCacheD2Ev
FNDA:1122,_ZN28btHashedOverlappingPairCache20cleanOverlappingPairER16btBroadphasePairP12btDispatcher
FNDA:0,_ZN28btHashedOverlappingPairCache19cleanProxyFromPairsEP17btBroadphaseProxyP12btDispatcher
FNDA:0,_ZZN28btHashedOverlappingPairCache19cleanProxyFromPairsEP17btBroadphaseProxyP12btDispatcherEN17CleanPairCallbackD0Ev
FNDA:0,_ZZN28btHashedOverlappingPairCache19cleanProxyFromPairsEP17btBroadphaseProxyP12btDispatcherEN17CleanPairCallbackD2Ev
FNDA:0,_ZZN28btHashedOverlappingPairCache19cleanProxyFromPairsEP17btBroadphaseProxyP12btDispatcherEN17CleanPairCallback14processOverlapER16btBroadphasePair
FNDA:0,_ZN28btHashedOverlappingPairCache37removeOverlappingPairsContainingProxyEP17btBroadphaseProxyP12btDispatcher
FNDA:0,_ZZN28btHashedOverlappingPairCache37removeOverlappingPairsContainingProxyEP17btBroadphaseProxyP12btDispatcherEN18RemovePairCallbackD0Ev
FNDA:0,_ZZN28btHashedOverlappingPairCache37removeOverlappingPairsContainingProxyEP17btBroadphaseProxyP12btDispatcherEN18RemovePairCallbackD2Ev
FNDA:0,_ZZN28btHashedOverlappingPairCache37removeOverlappingPairsContainingProxyEP17btBroadphaseProxyP12btDispatcherEN18RemovePairCallback14processOverlapER16btBroadphasePair
FNDA:0,_ZN28btHashedOverlappingPairCache8findPairEP17btBroadphaseProxyS1_
FNDA:8,_ZN28btHashedOverlappingPairCache10growTablesEv
FNDA:75008,_ZN28btHashedOverlappingPairCache15internalAddPairEP17btBroadphaseProxyS1_
FNDA:1122,_ZN28btHashedOverlappingPairCache21removeOverlappingPairEP17btBroadphaseProxyS1_P12btDispatcher
FNDA:1558,_ZN28btHashedOverlappingPairCache26processAllOverlappingPairsEP17btOverlapCallbackP12btDispatcher
FNDA:0,_ZN28btHashedOverlappingPairCache20sortOverlappingPairsEP12btDispatcher
FNDA:0,_ZN28btSortedOverlappingPairCache21removeOverlappingPairEP17btBroadphaseProxyS1_P12btDispatcher
FNDA:0,_ZN28btSortedOverlappingPairCache18addOverlappingPairEP17btBroadphaseProxyS1_
FNDA:0,_ZN28btSortedOverlappingPairCache8findPairEP17btBroadphaseProxyS1_
FNDA:0,_ZN28btSortedOverlappingPairCache26processAllOverlappingPairsEP17btOverlapCallbackP12btDispatcher
FNDA:0,_ZN28btSortedOverlappingPairCacheC2Ev
FNDA:0,_ZN28btSortedOverlappingPairCacheD0Ev
FNDA:0,_ZN28btSortedOverlappingPairCacheD2Ev
FNDA:0,_ZN28btSortedOverlappingPairCache20cleanOverlappingPairER16btBroadphasePairP12btDispatcher
FNDA:0,_ZN28btSortedOverlappingPairCache19cleanProxyFromPairsEP17btBroadphaseProxyP12btDispatcher
FNDA:0,_ZZN28btSortedOverlappingPairCache19cleanProxyFromPairsEP17btBroadphaseProxyP12btDispatcherEN17CleanPairCallbackD0Ev
FNDA:0,_ZZN28btSortedOverlappingPairCache19cleanProxyFromPairsEP17btBroadphaseProxyP12btDispatcherEN17CleanPairCallbackD2Ev
FNDA:0,_ZZN28btSortedOverlappingPairCache19cleanProxyFromPairsEP17btBroadphaseProxyP12btDispatcherEN17CleanPairCallback14processOverlapER16btBroadphasePair
FNDA:0,_ZN28btSortedOverlappingPairCache37removeOverlappingPairsContainingProxyEP17btBroadphaseProxyP12btDispatcher
FNDA:0,_ZZN28btSortedOverlappingPairCache37removeOverlappingPairsContainingProxyEP17btBroadphaseProxyP12btDispatcherEN18RemovePairCallbackD0Ev
FNDA:0,_ZZN28btSortedOverlappingPairCache37removeOverlappingPairsContainingProxyEP17btBroadphaseProxyP12btDispatcherEN18RemovePairCallbackD2Ev
FNDA:0,_ZZN28btSortedOverlappingPairCache37removeOverlappingPairsContainingProxyEP17btBroadphaseProxyP12btDispatcherEN18RemovePairCallback14processOverlapER16btBroadphasePair
FNDA:0,_ZN28btSortedOverlappingPairCache20sortOverlappingPairsEP12btDispatcher
FNF:35
FNH:6
DA:35,1
DA:38,5
DA:40,1
DA:41,1
DA:42,1
DA:43,1
DA:48,0
DA:50,0
DA:54,1122
DA:56,1122
DA:59,1036
DA:60,1036
DA:61,1036
DA:64,1122
DA:69,0
DA:72,0
DA:80,0
DA:82,0
DA:85,0
DA:87,0
DA:88,0
DA:90,0
DA:92,0
DA:97,0
DA:99,0
DA:101,0
DA:106,0
DA:109,0
DA:115,0
DA:118,0
DA:120,0
DA:121,0
DA:127,0
DA:129,0
DA:130,0
DA:136,0
DA:138,0
DA:139,0
DA:141,0
DA:142,0
DA:147,0
DA:149,0
DA:154,0
DA:155,0
DA:157,0
DA:160,0
DA:167,0
DA:172,8
DA:175,8
DA:177,8
DA:180,8
DA:182,8
DA:183,8
DA:188,518
DA:190,1020
DA:192,1028
DA:194,1020
DA:197,516
DA:200,508
DA:201,254
DA:202,254
DA:205,508
DA:206,762
DA:207,254
DA:212,8
DA:214,75008
DA:216,75008
DA:218,75008
DA:219,75008
DA:224,150016
DA:227,75008
DA:228,75008
DA:241,1273
DA:242,1273
DA:243,1273
DA:246,1273
DA:247,0
DA:249,1273
DA:251,1273
DA:253,7
DA:255,14
DA:258,2546
DA:265,3819
DA:266,1273
DA:268,1273
DA:273,1122
DA:275,1122
DA:276,1122
DA:278,1122
DA:279,1122
DA:284,2244
DA:286,1122
DA:287,1122
DA:292,1122
DA:294,1122
DA:299,1122
DA:303,2244
DA:306,1122
DA:307,1358
DA:309,118
DA:310,236
DA:313,1122
DA:316,312
DA:320,2036
DA:327,1122
DA:329,1122
DA:330,0
DA:333,1122
DA:335,77
DA:336,77
DA:340,2090
DA:342,2090
DA:344,2090
DA:347,1045
DA:348,1093
DA:350,24
DA:351,48
DA:354,1045
DA:357,66
DA:361,2046
DA:365,2090
DA:368,3135
DA:369,1045
DA:371,1045
DA:373,1045
DA:377,1558
DA:383,1558
DA:386,450356
DA:387,225178
DA:389,0
DA:391,0
DA:394,225178
DA:397,1558
DA:399,0
DA:402,0
DA:404,0
DA:406,0
DA:409,0
DA:411,0
DA:414,0
DA:416,0
DA:419,0
DA:421,0
DA:423,0
DA:427,0
DA:430,0
DA:432,0
DA:434,0
DA:436,0
DA:437,0
DA:439,0
DA:440,0
DA:441,0
DA:442,0
DA:443,0
DA:444,0
DA:446,0
DA:447,0
DA:462,0
DA:467,0
DA:470,0
DA:471,0
DA:473,0
DA:474,0
DA:476,0
DA:477,0
DA:486,0
DA:488,0
DA:491,0
DA:492,0
DA:494,0
DA:497,0
DA:498,0
DA:514,0
DA:519,0
DA:522,0
DA:523,0
DA:525,0
DA:526,0
DA:527,0
DA:528,0
DA:529,0
DA:530,0
DA:533,0
DA:536,0
DA:541,0
DA:545,0
DA:547,0
DA:548,0
DA:549,0
DA:551,0
DA:553,0
DA:555,0
DA:557,0
DA:560,0
DA:561,0
DA:562,0
DA:563,0
DA:566,0
DA:569,0
DA:572,0
DA:580,0
DA:582,0
DA:585,0
DA:587,0
DA:588,0
DA:590,0
DA:592,0
DA:597,0
DA:599,0
DA:601,0
DA:604,0
DA:607,0
DA:613,0
DA:616,0
DA:618,0
DA:619,0
DA:624,0
DA:626,0
DA:627,0
DA:629,0
DA:632,0
LF:222
LH:94
end_of_record
SF:/mnt/k/Bullet3Acc/BulletMinimal/Bullet/src/BulletCollision/BroadphaseCollision/btOverlappingPairCache.h
FN:122,_ZN28btHashedOverlappingPairCache18addOverlappingPairEP17btBroadphaseProxyS1_
FN:139,_ZN28btHashedOverlappingPairCache26getOverlappingPairArrayPtrEv
FN:144,_ZNK28btHashedOverlappingPairCache26getOverlappingPairArrayPtrEv
FN:149,_ZN28btHashedOverlappingPairCache23getOverlappingPairArrayEv
FN:173,_ZN28btHashedOverlappingPairCache24setOverlapFilterCallbackEP23btOverlapFilterCallback
FN:178,_ZNK28btHashedOverlappingPairCache22getNumOverlappingPairsEv
FN:229,_ZN28btHashedOverlappingPairCache16internalFindPairEP17btBroadphaseProxyS1_i
FN:255,_ZN28btHashedOverlappingPairCache18hasDeferredRemovalEv
FN:260,_ZN28btHashedOverlappingPairCache28setInternalGhostPairCallbackEP25btOverlappingPairCallback
FN:330,_ZN28btSortedOverlappingPairCache23getOverlappingPairArrayEv
FN:343,_ZN28btSortedOverlappingPairCache26getOverlappingPairArrayPtrEv
FN:348,_ZNK28btSortedOverlappingPairCache26getOverlappingPairArrayPtrEv
FN:353,_ZNK28btSortedOverlappingPairCache22getNumOverlappingPairsEv
FN:363,_ZN28btSortedOverlappingPairCache24setOverlapFilterCallbackEP23btOverlapFilterCallback
FN:368,_ZN28btSortedOverlappingPairCache18hasDeferredRemovalEv
FN:373,_ZN28btSortedOverlappingPairCache28setInternalGhostPairCallbackEP25btOverlappingPairCallback
FN:406,_ZN15btNullPairCache20cleanOverlappingPairER16btBroadphasePairP12btDispatcher
FN:444,_ZN15btNullPairCache18addOverlappingPairEP17btBroadphaseProxyS1_
FN:449,_ZN15btNullPairCache21removeOverlappingPairEP17btBroadphaseProxyS1_P12btDispatcher
FNDA:88826,_ZN28btHashedOverlappingPairCache18addOverlappingPairEP17btBroadphaseProxyS1_
FNDA:1558,_ZN28btHashedOverlappingPairCache26getOverlappingPairArrayPtrEv
FNDA:0,_ZNK28btHashedOverlappingPairCache26getOverlappingPairArrayPtrEv
FNDA:1553,_ZN28btHashedOverlappingPairCache23getOverlappingPairArrayEv
FNDA:0,_ZN28btHashedOverlappingPairCache24setOverlapFilterCallbackEP23btOverlapFilterCallback
FNDA:1558,_ZNK28btHashedOverlappingPairCache22getNumOverlappingPairsEv
FNDA:76130,_ZN28btHashedOverlappingPairCache16internalFindPairEP17btBroadphaseProxyS1_i
FNDA:1558,_ZN28btHashedOverlappingPairCache18hasDeferredRemovalEv
FNDA:0,_ZN28btHashedOverlappingPairCache28setInternalGhostPairCallbackEP25btOverlappingPairCallback
FNDA:0,_ZN28btSortedOverlappingPairCache23getOverlappingPairArrayEv
FNDA:0,_ZN28btSortedOverlappingPairCache26getOverlappingPairArrayPtrEv
FNDA:0,_ZNK28btSortedOverlappingPairCache26getOverlappingPairArrayPtrEv
FNDA:0,_ZNK28btSortedOverlappingPairCache22getNumOverlappingPairsEv
FNDA:0,_ZN28btSortedOverlappingPairCache24setOverlapFilterCallbackEP23btOverlapFilterCallback
FNDA:0,_ZN28btSortedOverlappingPairCache18hasDeferredRemovalEv
FNDA:0,_ZN28btSortedOverlappingPairCache28setInternalGhostPairCallbackEP25btOverlappingPairCallback
FNDA:0,_ZN15btNullPairCache20cleanOverlappingPairER16btBroadphasePairP12btDispatcher
FNDA:0,_ZN15btNullPairCache18addOverlappingPairEP17btBroadphaseProxyS1_
FNDA:0,_ZN15btNullPairCache21removeOverlappingPairEP17btBroadphaseProxyS1_P12btDispatcher
FNF:19
FNH:6
DA:60,1
DA:63,0
DA:111,88826
DA:112,0
DA:114,88826
DA:115,88826
DA:122,88826
DA:124,88826
DA:126,88826
DA:129,75008
DA:139,1558
DA:141,1558
DA:144,0
DA:146,0
DA:149,1553
DA:151,1553
DA:173,0
DA:175,0
DA:176,0
DA:178,1558
DA:180,1558
DA:190,90353
DA:213,77436
DA:216,77436
DA:217,77436
DA:218,77436
DA:219,77436
DA:220,77436
DA:221,77436
DA:222,77429
DA:229,76130
DA:231,76130
DA:232,76130
DA:238,152260
DA:240,197475
DA:242,30992
DA:245,76130
DA:252,149714
DA:255,1558
DA:257,1558
DA:260,0
DA:262,0
DA:263,0
DA:321,0
DA:322,0
DA:324,0
DA:325,0
DA:330,0
DA:332,0
DA:343,0
DA:345,0
DA:348,0
DA:350,0
DA:353,0
DA:355,0
DA:363,0
DA:365,0
DA:366,0
DA:368,0
DA:370,0
DA:373,0
DA:375,0
DA:376,0
DA:406,0
DA:409,0
DA:444,0
DA:446,0
DA:449,0
DA:451,0
LF:69
LH:33
end_of_record
SF:/mnt/k/Bullet3Acc/BulletMinimal/Bullet/src/LinearMath/btAlignedAllocator.h
DA:86,24
DA:90,21
LF:2
LH:2
end_of_record
SF:/mnt/k/Bullet3Acc/BulletMinimal/Bullet/src/LinearMath/btAlignedObjectArray.h
FN:220,_ZN20btAlignedObjectArrayIiE6resizeEiRKi
FN:247,_ZN20btAlignedObjectArrayI16btBroadphasePairE21expandNonInitializingEv
FN:276,_ZN20btAlignedObjectArrayI16btBroadphasePairE9push_backERKS0_
FN:300,_ZN20btAlignedObjectArrayIiE7reserveEi
FN:300,_ZN20btAlignedObjectArrayI16btBroadphasePairE7reserveEi
FN:335,_ZN20btAlignedObjectArrayI16btBroadphasePairE17quickSortInternalI29btBroadphasePairSortPredicateEEvRKT_ii
FNDA:16,_ZN20btAlignedObjectArrayIiE6resizeEiRKi
FNDA:1273,_ZN20btAlignedObjectArrayI16btBroadphasePairE21expandNonInitializingEv
FNDA:0,_ZN20btAlignedObjectArrayI16btBroadphasePairE9push_backERKS0_
FNDA:16,_ZN20btAlignedObjectArrayIiE7reserveEi
FNDA:8,_ZN20btAlignedObjectArrayI16btBroadphasePairE7reserveEi
FNDA:0,_ZN20btAlignedObjectArrayI16btBroadphasePairE17quickSortInternalI29btBroadphasePairSortPredicateEEvRKT_ii
FNF:6
FNH:4
DA:72,7
DA:77,1548
DA:79,1016
DA:88,3
DA:89,3
DA:90,3
DA:91,3
DA:96,24
DA:104,24
DA:105,48
DA:111,24
DA:113,21
DA:115,21
DA:126,3
DA:127,3
DA:128,3
DA:133,0
DA:134,0
DA:179,495124
DA:186,0
DA:188,0
DA:190,0
DA:196,1122
DA:220,16
DA:222,16
DA:224,16
DA:232,16
DA:234,16
DA:237,1040
DA:239,512
DA:245,16
DA:246,16
DA:247,1273
DA:249,1273
DA:250,1273
DA:252,14
DA:254,1273
DA:256,1273
DA:276,0
DA:278,0
DA:279,0
DA:281,0
DA:285,0
DA:290,0
DA:291,0
DA:300,24
DA:302,24
DA:304,48
DA:306,48
DA:308,24
DA:310,24
DA:313,24
DA:315,24
DA:317,24
DA:320,24
DA:335,0
DA:339,0
DA:340,0
DA:345,0
DA:346,0
DA:347,0
DA:348,0
DA:349,0
DA:351,0
DA:352,0
DA:354,0
DA:357,0
DA:358,0
DA:359,0
DA:360,0
DA:361,0
DA:368,0
DA:370,0
DA:415,0
DA:416,0
DA:417,0
DA:467,0
DA:470,0
DA:472,0
LF:79
LH:43
end_of_record
SF:/mnt/k/Bullet3Acc/BulletMinimal/Bullet/src/LinearMath/btScalar.h
DA:509,24944
DA:510,24944
DA:511,24944
LF:3
LH:3
end_of_record
TN:test
SF:/mnt/k/Bullet3Acc/BulletMinimal/Bullet/src/BulletCollision/BroadphaseCollision/btQuantizedBvh.cpp
FN:91,_ZN14btQuantizedBvh21setQuantizationValuesERK9btVector3S2_f
FN:105,_ZN14btQuantizedBvhD0Ev
FN:230,_ZN14btQuantizedBvh25sortAndCalcSplittingIndexEiii
FN:284,_ZN14btQuantizedBvh17calcSplittingAxisEii
FN:313,_ZNK14btQuantizedBvh26reportAabbOverlappingNodexEP21btNodeOverlapCallbackRK9btVector3S4_
FN:353,_ZNK14btQuantizedBvh17walkStacklessTreeEP21btNodeOverlapCallbackRK9btVector3S4_
FN:417,_ZNK14btQuantizedBvh42walkRecursiveQuantizedTreeAgainstQueryAabbEPK18btQuantizedBvhNodeP21btNodeOverlapCallbackPtS5_
FN:449,_ZNK14btQuantizedBvh27walkStacklessTreeAgainstRayEP21btNodeOverlapCallbackRK9btVector3S4_S4_S4_ii
FN:756,_ZNK14btQuantizedBvh25reportRayOverlappingNodexEP21btNodeOverlapCallbackRK9btVector3S4_
FN:762,_ZNK14btQuantizedBvh29reportBoxCastOverlappingNodexEP21btNodeOverlapCallbackRK9btVector3S4_S4_S4_
FN:828,_ZN14btQuantizedBvh32getAlignmentSerializationPaddingEv
FN:834,_ZNK14btQuantizedBvh28calculateSerializeBufferSizeEv
FNDA:0,_ZN14btQuantizedBvhC2Ev
FNDA:0,_ZN14btQuantizedBvh13buildInternalEv
FNDA:0,_ZN14btQuantizedBvh21setQuantizationValuesERK9btVector3S2_f
FNDA:0,_ZN14btQuantizedBvhD0Ev
FNDA:0,_ZN14btQuantizedBvhD2Ev
FNDA:0,_ZN14btQuantizedBvh9buildTreeEii
FNDA:0,_ZN14btQuantizedBvh20updateSubtreeHeadersEii
FNDA:0,_ZN14btQuantizedBvh25sortAndCalcSplittingIndexEiii
FNDA:0,_ZN14btQuantizedBvh17calcSplittingAxisEii
FNDA:0,_ZNK14btQuantizedBvh26reportAabbOverlappingNodexEP21btNodeOverlapCallbackRK9btVector3S4_
FNDA:0,_ZNK14btQuantizedBvh17walkStacklessTreeEP21btNodeOverlapCallbackRK9btVector3S4_
FNDA:0,_ZNK14btQuantizedBvh42walkRecursiveQuantizedTreeAgainstQueryAabbEPK18btQuantizedBvhNodeP21btNodeOverlapCallbackPtS5_
FNDA:0,_ZNK14btQuantizedBvh27walkStacklessTreeAgainstRayEP21btNodeOverlapCallbackRK9btVector3S4_S4_S4_ii
FNDA:0,_ZNK14btQuantizedBvh36walkStacklessQuantizedTreeAgainstRayEP21btNodeOverlapCallbackRK9btVector3S4_S4_S4_ii
FNDA:0,_ZNK14btQuantizedBvh26walkStacklessQuantizedTreeEP21btNodeOverlapCallbackPtS2_ii
FNDA:0,_ZNK14btQuantizedBvh39walkStacklessQuantizedTreeCacheFriendlyEP21btNodeOverlapCallbackPtS2_
FNDA:0,_ZNK14btQuantizedBvh25reportRayOverlappingNodexEP21btNodeOverlapCallbackRK9btVector3S4_
FNDA:0,_ZNK14btQuantizedBvh29reportBoxCastOverlappingNodexEP21btNodeOverlapCallbackRK9btVector3S4_S4_S4_
FNDA:0,_ZN14btQuantizedBvh13swapLeafNodesEii
FNDA:0,_ZN14btQuantizedBvh30assignInternalNodeFromLeafNodeEii
FNDA:0,_ZN14btQuantizedBvh32getAlignmentSerializationPaddingEv
FNDA:0,_ZNK14btQuantizedBvh28calculateSerializeBufferSizeEv
FNDA:0,_ZNK14btQuantizedBvh9serializeEPvjb
FNDA:0,_ZN14btQuantizedBvh18deSerializeInPlaceEPvjb
FNDA:0,_ZN14btQuantizedBvhC2ERS_b
FNDA:0,_ZN14btQuantizedBvh16deSerializeFloatER23btQuantizedBvhFloatData
FNDA:0,_ZN14btQuantizedBvh17deSerializeDoubleER24btQuantizedBvhDoubleData
FNDA:0,_ZNK14btQuantizedBvh9serializeEPvP12btSerializer
FNF:28
FNH:0
DA:24,0
DA:30,0
DA:32,0
DA:33,0
DA:34,0
DA:40,0
DA:43,0
DA:44,0
DA:49,0
DA:51,0
DA:55,0
DA:57,0
DA:60,0
DA:62,0
DA:63,0
DA:64,0
DA:65,0
DA:69,0
DA:72,0
DA:73,0
DA:74,0
DA:91,0
DA:94,0
DA:95,0
DA:96,0
DA:97,0
DA:98,0
DA:99,0
DA:100,0
DA:105,0
DA:107,0
DA:114,0
DA:124,0
DA:125,0
DA:129,0
DA:135,0
DA:137,0
DA:138,0
DA:142,0
DA:144,0
DA:146,0
DA:150,0
DA:151,0
DA:154,0
DA:156,0
DA:159,0
DA:164,0
DA:167,0
DA:169,0
DA:171,0
DA:177,0
DA:179,0
DA:182,0
DA:183,0
DA:184,0
DA:186,0
DA:197,0
DA:201,0
DA:202,0
DA:203,0
DA:205,0
DA:206,0
DA:207,0
DA:209,0
DA:211,0
DA:212,0
DA:213,0
DA:214,0
DA:217,0
DA:219,0
DA:220,0
DA:221,0
DA:222,0
DA:226,0
DA:227,0
DA:230,0
DA:233,0
DA:234,0
DA:237,0
DA:238,0
DA:240,0
DA:241,0
DA:243,0
DA:245,0
DA:248,0
DA:250,0
DA:251,0
DA:254,0
DA:255,0
DA:268,0
DA:269,0
DA:273,0
DA:276,0
DA:280,0
DA:284,0
DA:288,0
DA:289,0
DA:290,0
DA:292,0
DA:294,0
DA:295,0
DA:297,0
DA:299,0
DA:301,0
DA:302,0
DA:303,0
DA:304,0
DA:306,0
DA:308,0
DA:313,0
DA:317,0
DA:322,0
DA:323,0
DA:325,0
DA:327,0
DA:328,0
DA:330,0
DA:331,0
DA:333,0
DA:335,0
DA:336,0
DA:339,0
DA:345,0
DA:347,0
DA:353,0
DA:357,0
DA:358,0
DA:359,0
DA:364,0
DA:369,0
DA:370,0
DA:371,0
DA:374,0
DA:376,0
DA:380,0
DA:382,0
DA:383,0
DA:386,0
DA:387,0
DA:388,0
DA:391,0
DA:392,0
DA:394,0
DA:417,0
DA:426,0
DA:427,0
DA:430,0
DA:432,0
DA:434,0
DA:438,0
DA:439,0
DA:441,0
DA:445,0
DA:449,0
DA:453,0
DA:454,0
DA:455,0
DA:458,0
DA:459,0
DA:460,0
DA:463,0
DA:464,0
DA:465,0
DA:466,0
DA:469,0
DA:470,0
DA:473,0
DA:474,0
DA:475,0
DA:477,0
DA:478,0
DA:479,0
DA:480,0
DA:481,0
DA:486,0
DA:488,0
DA:492,0
DA:494,0
DA:495,0
DA:497,0
DA:498,0
DA:500,0
DA:507,0
DA:514,0
DA:517,0
DA:519,0
DA:523,0
DA:525,0
DA:526,0
DA:529,0
DA:530,0
DA:531,0
DA:534,0
DA:535,0
DA:537,0
DA:541,0
DA:545,0
DA:546,0
DA:547,0
DA:550,0
DA:555,0
DA:556,0
DA:558,0
DA:561,0
DA:562,0
DA:563,0
DA:565,0
DA:566,0
DA:567,0
DA:568,0
DA:572,0
DA:573,0
DA:574,0
DA:575,0
DA:578,0
DA:579,0
DA:583,0
DA:584,0
DA:586,0
DA:608,0
DA:611,0
DA:612,0
DA:613,0
DA:614,0
DA:615,0
DA:618,0
DA:619,0
DA:621,0
DA:622,0
DA:623,0
DA:638,0
DA:645,0
DA:647,0
DA:651,0
DA:653,0
DA:654,0
DA:657,0
DA:658,0
DA:659,0
DA:662,0
DA:663,0
DA:665,0
DA:667,0
DA:671,0
DA:672,0
DA:673,0
DA:676,0
DA:683,0
DA:705,0
DA:707,0
DA:708,0
DA:710,0
DA:712,0
DA:716,0
DA:718,0
DA:719,0
DA:722,0
DA:723,0
DA:724,0
DA:727,0
DA:728,0
DA:730,0
DA:733,0
DA:740,0
DA:742,0
DA:745,0
DA:746,0
DA:748,0
DA:750,0
DA:753,0
DA:756,0
DA:758,0
DA:759,0
DA:762,0
DA:766,0
DA:768,0
DA:772,0
DA:787,0
DA:790,0
DA:792,0
DA:794,0
DA:795,0
DA:796,0
DA:799,0
DA:800,0
DA:801,0
DA:803,0
DA:805,0
DA:807,0
DA:809,0
DA:812,0
DA:814,0
DA:828,0
DA:831,0
DA:834,0
DA:836,0
DA:837,0
DA:838,0
DA:840,0
DA:842,0
DA:845,0
DA:848,0
DA:858,0
DA:862,0
DA:864,0
DA:866,0
DA:869,0
DA:871,0
DA:873,0
DA:874,0
DA:878,0
DA:879,0
DA:880,0
DA:881,0
DA:882,0
DA:883,0
DA:886,0
DA:888,0
DA:889,0
DA:891,0
DA:892,0
DA:894,0
DA:896,0
DA:898,0
DA:900,0
DA:902,0
DA:904,0
DA:905,0
DA:906,0
DA:908,0
DA:909,0
DA:910,0
DA:912,0
DA:917,0
DA:920,0
DA:921,0
DA:922,0
DA:924,0
DA:925,0
DA:926,0
DA:928,0
DA:933,0
DA:938,0
DA:942,0
DA:944,0
DA:946,0
DA:948,0
DA:949,0
DA:951,0
DA:952,0
DA:953,0
DA:958,0
DA:960,0
DA:961,0
DA:963,0
DA:964,0
DA:965,0
DA:968,0
DA:973,0
DA:976,0
DA:977,0
DA:980,0
DA:981,0
DA:983,0
DA:985,0
DA:986,0
DA:987,0
DA:989,0
DA:990,0
DA:991,0
DA:993,0
DA:994,0
DA:999,0
DA:1001,0
DA:1002,0
DA:1003,0
DA:1005,0
DA:1006,0
DA:1007,0
DA:1009,0
DA:1010,0
DA:1013,0
DA:1014,0
DA:1015,0
DA:1018,0
DA:1023,0
DA:1026,0
DA:1028,0
DA:1031,0
DA:1034,0
DA:1038,0
DA:1040,0
DA:1042,0
DA:1044,0
DA:1045,0
DA:1046,0
DA:1048,0
DA:1049,0
DA:1052,0
DA:1055,0
DA:1060,0
DA:1061,0
DA:1063,0
DA:1064,0
DA:1066,0
DA:1070,0
DA:1072,0
DA:1074,0
DA:1076,0
DA:1078,0
DA:1080,0
DA:1081,0
DA:1082,0
DA:1084,0
DA:1085,0
DA:1086,0
DA:1088,0
DA:1091,0
DA:1095,0
DA:1097,0
DA:1099,0
DA:1101,0
DA:1102,0
DA:1104,0
DA:1105,0
DA:1106,0
DA:1109,0
DA:1112,0
DA:1113,0
DA:1116,0
DA:1117,0
DA:1119,0
DA:1121,0
DA:1122,0
DA:1123,0
DA:1125,0
DA:1126,0
DA:1127,0
DA:1129,0
DA:1130,0
DA:1138,0
DA:1142,0
DA:1145,0
DA:1147,0
DA:1149,0
DA:1151,0
DA:1153,0
DA:1154,0
DA:1157,0
DA:1158,0
DA:1160,0
DA:1162,0
DA:1164,0
DA:1166,0
DA:1167,0
DA:1168,0
DA:1169,0
DA:1170,0
DA:1176,0
DA:1177,0
DA:1179,0
DA:1181,0
DA:1182,0
DA:1184,0
DA:1185,0
DA:1186,0
DA:1187,0
DA:1188,0
DA:1189,0
DA:1190,0
DA:1195,0
DA:1198,0
DA:1199,0
DA:1200,0
DA:1202,0
DA:1203,0
DA:1205,0
DA:1206,0
DA:1207,0
DA:1208,0
DA:1209,0
DA:1210,0
DA:1211,0
DA:1212,0
DA:1216,0
DA:1218,0
DA:1220,0
DA:1222,0
DA:1224,0
DA:1225,0
DA:1228,0
DA:1229,0
DA:1231,0
DA:1233,0
DA:1235,0
DA:1237,0
DA:1238,0
DA:1239,0
DA:1240,0
DA:1241,0
DA:1247,0
DA:1248,0
DA:1250,0
DA:1252,0
DA:1253,0
DA:1255,0
DA:1256,0
DA:1257,0
DA:1258,0
DA:1259,0
DA:1260,0
DA:1261,0
DA:1266,0
DA:1269,0
DA:1270,0
DA:1271,0
DA:1273,0
DA:1274,0
DA:1276,0
DA:1277,0
DA:1278,0
DA:1279,0
DA:1280,0
DA:1281,0
DA:1282,0
DA:1283,0
DA:1288,0
DA:1293,0
DA:1295,0
DA:1297,0
DA:1299,0
DA:1301,0
DA:1302,0
DA:1304,0
DA:1305,0
DA:1306,0
DA:1308,0
DA:1309,0
DA:1310,0
DA:1311,0
DA:1312,0
DA:1314,0
DA:1315,0
DA:1316,0
DA:1317,0
DA:1318,0
DA:1320,0
DA:1323,0
DA:1325,0
DA:1326,0
DA:1328,0
DA:1329,0
DA:1330,0
DA:1331,0
DA:1332,0
DA:1334,0
DA:1335,0
DA:1336,0
DA:1337,0
DA:1338,0
DA:1339,0
DA:1340,0
DA:1342,0
DA:1345,0
DA:1346,0
DA:1348,0
DA:1349,0
DA:1351,0
DA:1352,0
DA:1353,0
DA:1354,0
DA:1355,0
DA:1357,0
DA:1358,0
DA:1359,0
DA:1360,0
DA:1361,0
DA:1362,0
DA:1364,0
DA:1365,0
DA:1367,0
DA:1369,0
LF:582
LH:0
end_of_record
SF:/mnt/k/Bullet3Acc/BulletMinimal/Bullet/src/BulletCollision/BroadphaseCollision/btQuantizedBvh.h
FN:352,_ZNK14btQuantizedBvh8quantizeEPtRK9btVector3i
FN:419,_ZNK14btQuantizedBvh17quantizeWithClampEPtRK9btVector3i
FN:574,_ZNK14btQuantizedBvh31calculateSerializeBufferSizeNewEv
FNDA:0,_ZN14btQuantizedBvh22setInternalNodeAabbMinEiRK9btVector3
FNDA:0,_ZN14btQuantizedBvh22setInternalNodeAabbMaxEiRK9btVector3
FNDA:0,_ZNK14btQuantizedBvh10getAabbMinEi
FNDA:0,_ZNK14btQuantizedBvh10getAabbMaxEi
FNDA:0,_ZN14btQuantizedBvh21mergeInternalNodeAabbEiRK9btVector3S2_
FNDA:0,_ZNK14btQuantizedBvh8quantizeEPtRK9btVector3i
FNDA:0,_ZNK14btQuantizedBvh17quantizeWithClampEPtRK9btVector3i
FNDA:0,_ZNK14btQuantizedBvh31calculateSerializeBufferSizeNewEv
FNF:8
FNH:0
DA:71,0
DA:76,0
DA:81,0
DA:82,0
DA:84,0
DA:90,0
DA:97,0
DA:134,0
DA:141,0
DA:142,0
DA:143,0
DA:144,0
DA:145,0
DA:146,0
DA:216,0
DA:218,0
DA:220,0
DA:223,0
DA:226,0
DA:227,0
DA:229,0
DA:231,0
DA:234,0
DA:236,0
DA:238,0
DA:240,0
DA:242,0
DA:245,0
DA:248,0
DA:250,0
DA:252,0
DA:255,0
DA:262,0
DA:264,0
DA:268,0
DA:273,0
DA:275,0
DA:279,0
DA:280,0
DA:281,0
DA:283,0
DA:284,0
DA:286,0
DA:287,0
DA:293,0
DA:294,0
DA:296,0
DA:334,0
DA:352,0
DA:365,0
DA:369,0
DA:371,0
DA:372,0
DA:373,0
DA:376,0
DA:377,0
DA:378,0
DA:416,0
DA:419,0
DA:424,0
DA:425,0
DA:426,0
DA:428,0
DA:430,0
DA:434,0
DA:435,0
DA:436,0
DA:437,0
DA:438,0
DA:439,0
DA:574,0
DA:576,0
LF:72
LH:0
end_of_record
SF:/mnt/k/Bullet3Acc/BulletMinimal/Bullet/src/LinearMath/btAabbUtil2.h
FN:48,_Z20TestAabbAgainstAabb2RK9btVector3S1_S1_S1_
FN:90,_Z10btRayAabb2RK9btVector3S1_PKjPS0_Rfff
FNDA:0,_Z20TestAabbAgainstAabb2RK9btVector3S1_S1_S1_
FNDA:0,_Z10btRayAabb2RK9btVector3S1_PKjPS0_Rfff
FNF:2
FNH:0
DA:48,0
DA:51,0
DA:52,0
DA:53,0
DA:54,0
DA:55,0
DA:90,0
DA:99,0
DA:100,0
DA:101,0
DA:102,0
DA:104,0
DA:107,0
DA:108,0
DA:110,0
DA:111,0
DA:113,0
DA:114,0
DA:116,0
DA:118,0
DA:119,0
DA:120,0
DA:121,0
DA:122,0
DA:214,0
DA:215,0
DA:216,0
LF:27
LH:0
end_of_record
SF:/mnt/k/Bullet3Acc/BulletMinimal/Bullet/src/LinearMath/btAlignedAllocator.h
DA:86,0
DA:90,0
LF:2
LH:0
end_of_record
SF:/mnt/k/Bullet3Acc/BulletMinimal/Bullet/src/LinearMath/btAlignedObjectArray.h
FN:220,_ZN20btAlignedObjectArrayI18btOptimizedBvhNodeE6resizeEiRKS0_
FN:220,_ZN20btAlignedObjectArrayI16btBvhSubtreeInfoE6resizeEiRKS0_
FN:220,_ZN20btAlignedObjectArrayIiE6resizeEiRKi
FN:220,_ZN20btAlignedObjectArrayI18btQuantizedBvhNodeE6resizeEiRKS0_
FN:260,_ZN20btAlignedObjectArrayI16btBvhSubtreeInfoE6expandERKS0_
FN:276,_ZN20btAlignedObjectArrayIP7btChunkE9push_backERKS1_
FN:276,_ZN20btAlignedObjectArrayI9btHashPtrE9push_backERKS0_
FN:276,_ZN20btAlignedObjectArrayI12btPointerUidE9push_backERKS0_
FN:276,_ZN20btAlignedObjectArrayIPvE9push_backERKS0_
FN:300,_ZN20btAlignedObjectArrayIPvE7reserveEi
FN:300,_ZN20btAlignedObjectArrayI12btPointerUidE7reserveEi
FN:300,_ZN20btAlignedObjectArrayI18btOptimizedBvhNodeE7reserveEi
FN:300,_ZN20btAlignedObjectArrayI18btQuantizedBvhNodeE7reserveEi
FN:300,_ZN20btAlignedObjectArrayIiE7reserveEi
FN:300,_ZN20btAlignedObjectArrayI16btBvhSubtreeInfoE7reserveEi
FN:300,_ZN20btAlignedObjectArrayIP7btChunkE7reserveEi
FN:300,_ZN20btAlignedObjectArrayI9btHashPtrE7reserveEi
FNDA:0,_ZN20btAlignedObjectArrayIiE6resizeEiRKi
FNDA:0,_ZN20btAlignedObjectArrayI16btBvhSubtreeInfoE6resizeEiRKS0_
FNDA:0,_ZN20btAlignedObjectArrayI18btOptimizedBvhNodeE6resizeEiRKS0_
FNDA:0,_ZN20btAlignedObjectArrayI18btQuantizedBvhNodeE6resizeEiRKS0_
FNDA:0,_ZN20btAlignedObjectArrayI16btBvhSubtreeInfoE6expandERKS0_
FNDA:0,_ZN20btAlignedObjectArrayIPvE9push_backERKS0_
FNDA:0,_ZN20btAlignedObjectArrayI9btHashPtrE9push_backERKS0_
FNDA:0,_ZN20btAlignedObjectArrayI12btPointerUidE9push_backERKS0_
FNDA:0,_ZN20btAlignedObjectArrayIP7btChunkE9push_backERKS1_
FNDA:0,_ZN20btAlignedObjectArrayIPvE7reserveEi
FNDA:0,_ZN20btAlignedObjectArrayI9btHashPtrE7reserveEi
FNDA:0,_ZN20btAlignedObjectArrayI12btPointerUidE7reserveEi
FNDA:0,_ZN20btAlignedObjectArrayIiE7reserveEi
FNDA:0,_ZN20btAlignedObjectArrayI18btOptimizedBvhNodeE7reserveEi
FNDA:0,_ZN20btAlignedObjectArrayI16btBvhSubtreeInfoE7reserveEi
FNDA:0,_ZN20btAlignedObjectArrayI18btQuantizedBvhNodeE7reserveEi
FNDA:0,_ZN20btAlignedObjectArrayIP7btChunkE7reserveEi
FNF:17
FNH:0
DA:72,0
DA:77,0
DA:79,0
DA:88,0
DA:89,0
DA:90,0
DA:91,0
DA:96,0
DA:104,0
DA:105,0
DA:111,0
DA:113,0
DA:115,0
DA:126,0
DA:127,0
DA:128,0
DA:133,0
DA:134,0
DA:172,0
DA:179,0
DA:186,0
DA:188,0
DA:190,0
DA:220,0
DA:222,0
DA:224,0
DA:232,0
DA:234,0
DA:237,0
DA:239,0
DA:245,0
DA:246,0
DA:260,0
DA:262,0
DA:263,0
DA:265,0
DA:267,0
DA:269,0
DA:272,0
DA:276,0
DA:278,0
DA:279,0
DA:281,0
DA:285,0
DA:290,0
DA:291,0
DA:300,0
DA:302,0
DA:304,0
DA:306,0
DA:308,0
DA:310,0
DA:313,0
DA:315,0
DA:317,0
DA:320,0
DA:495,0
DA:496,0
DA:497,0
DA:498,0
DA:499,0
LF:61
LH:0
end_of_record
SF:/mnt/k/Bullet3Acc/BulletMinimal/Bullet/src/LinearMath/btHashMap.h
FNDA:0,_ZN9btHashMapI9btHashPtrPvE10growTablesERKS0_
FNDA:0,_ZN9btHashMapI9btHashPtr12btPointerUidE10growTablesERKS0_
FNDA:0,_ZN9btHashMapI9btHashPtrPvE6insertERKS0_RKS1_
FNDA:0,_ZN9btHashMapI9btHashPtr12btPointerUidE6insertERKS0_RKS1_
FNDA:0,_ZNK9btHashMapI9btHashPtr12btPointerUidE9findIndexERKS0_
FNDA:0,_ZNK9btHashMapI12btHashStringiE9findIndexERKS0_
FNDA:0,_ZNK9btHashMapI9btHashPtrPvE9findIndexERKS0_
FNF:7
FNH:0
DA:34,0
DA:41,0
DA:43,0
DA:45,0
DA:46,0
DA:48,0
DA:55,0
DA:56,0
DA:58,0
DA:60,0
DA:68,0
DA:124,0
DA:130,0
DA:135,0
DA:141,0
DA:143,0
DA:146,0
DA:147,0
DA:230,0
DA:232,0
DA:234,0
DA:237,0
DA:239,0
DA:240,0
DA:244,0
DA:246,0
DA:248,0
DA:250,0
DA:253,0
DA:258,0
DA:259,0
DA:260,0
DA:265,0
DA:269,0
DA:270,0
DA:273,0
DA:274,0
DA:276,0
DA:277,0
DA:280,0
DA:281,0
DA:282,0
DA:283,0
DA:285,0
DA:286,0
DA:288,0
DA:290,0
DA:292,0
DA:293,0
DA:404,0
DA:405,0
DA:409,0
DA:414,0
DA:415,0
DA:419,0
DA:423,0
DA:425,0
DA:427,0
DA:432,0
DA:433,0
DA:435,0
LF:61
LH:0
end_of_record
SF:/mnt/k/Bullet3Acc/BulletMinimal/Bullet/src/LinearMath/btMinMax.h
DA:43,0
DA:45,0
DA:52,0
DA:54,0
LF:4
LH:0
end_of_record
SF:/mnt/k/Bullet3Acc/BulletMinimal/Bullet/src/LinearMath/btScalar.h
DA:376,0
DA:494,0
DA:495,0
DA:518,0
DA:523,0
DA:528,0
LF:6
LH:0
end_of_record
SF:/mnt/k/Bullet3Acc/BulletMinimal/Bullet/src/LinearMath/btSerializer.h
FN:526,_ZN19btDefaultSerializer13finalizeChunkEP7btChunkPKciPv
FN:545,_ZN19btDefaultSerializer13internalAllocEm
FN:564,_ZN19btDefaultSerializer8allocateEmi
FNDA:0,_ZNK19btDefaultSerializer14getReverseTypeEPKc
FNDA:0,_ZN19btDefaultSerializer16getUniquePointerEPv
FNDA:0,_ZN19btDefaultSerializer13finalizeChunkEP7btChunkPKciPv
FNDA:0,_ZN19btDefaultSerializer13internalAllocEm
FNDA:0,_ZN19btDefaultSerializer8allocateEmi
FNF:5
FNH:0
DA:190,0
DA:193,0
DA:194,0
DA:195,0
DA:196,0
DA:496,0
DA:498,0
DA:501,0
DA:502,0
DA:504,0
DA:506,0
DA:509,0
DA:510,0
DA:511,0
DA:512,0
DA:526,0
DA:533,0
DA:535,0
DA:537,0
DA:539,0
DA:540,0
DA:542,0
DA:545,0
DA:547,0
DA:549,0
DA:551,0
DA:552,0
DA:556,0
DA:557,0
DA:559,0
DA:564,0
DA:567,0
DA:569,0
DA:571,0
DA:572,0
DA:573,0
DA:574,0
DA:575,0
DA:577,0
DA:580,0
LF:40
LH:0
end_of_record
SF:/mnt/k/Bullet3Acc/BulletMinimal/Bullet/src/LinearMath/btVector3.h
FN:286,_ZN9btVector39normalizeEv
FNDA:0,_ZN9btVector39normalizeEv
FNF:1
FNH:0
DA:115,0
DA:127,0
DA:128,0
DA:129,0
DA:130,0
DA:131,0
DA:166,0
DA:167,0
DA:168,0
DA:183,0
DA:184,0
DA:185,0
DA:201,0
DA:202,0
DA:203,0
DA:224,0
DA:245,0
DA:246,0
DA:247,0
DA:254,0
DA:260,0
DA:286,0
DA:324,0
DA:462,0
DA:571,0
DA:572,0
DA:601,0
DA:602,0
DA:603,0
DA:604,0
DA:618,0
DA:619,0
DA:620,0
DA:621,0
DA:627,0
DA:628,0
DA:629,0
DA:630,0
DA:744,0
DA:745,0
DA:746,0
DA:747,0
DA:760,0
DA:761,0
DA:762,0
DA:763,0
DA:780,0
DA:781,0
DA:782,0
DA:783,0
DA:813,0
DA:821,0
DA:864,0
DA:865,0
DA:866,0
DA:867,0
DA:1231,0
DA:1232,0
DA:1233,0
DA:1234,0
DA:1235,0
DA:1236,0
DA:1242,0
DA:1244,0
DA:1253,0
DA:1254,0
DA:1256,0
DA:1258,0
DA:1311,0
DA:1312,0
DA:1325,0
DA:1326,0
DA:1333,0
DA:1334,0
LF:74
LH:0
end_of_record
TN:test
SF:/mnt/k/Bullet3Acc/BulletMinimal/Bullet/src/BulletCollision/CollisionDispatch/btActivatingCollisionAlgorithm.cpp
FN:20,_ZN30btActivatingCollisionAlgorithmC2ERK36btCollisionAlgorithmConstructionInfo
FN:27,_ZN30btActivatingCollisionAlgorithmC2ERK36btCollisionAlgorithmConstructionInfoPK24btCollisionObjectWrapperS5_
FN:43,_ZN30btActivatingCollisionAlgorithmD0Ev
FN:43,_ZN30btActivatingCollisionAlgorithmD2Ev
FNDA:0,_ZN30btActivatingCollisionAlgorithmC2ERK36btCollisionAlgorithmConstructionInfo
FNDA:1187,_ZN30btActivatingCollisionAlgorithmC2ERK36btCollisionAlgorithmConstructionInfoPK24btCollisionObjectWrapperS5_
FNDA:0,_ZN30btActivatingCollisionAlgorithmD0Ev
FNDA:1036,_ZN30btActivatingCollisionAlgorithmD2Ev
FNF:4
FNH:2
DA:20,0
DA:21,0
DA:26,0
DA:27,1187
DA:28,1187
DA:41,1187
DA:43,1036
DA:47,1036
LF:8
LH:5
end_of_record
TN:test
SF:/mnt/k/Bullet3Acc/BulletMinimal/Bullet/src/BulletCollision/CollisionDispatch/btBoxBoxCollisionAlgorithm.cpp
FN:24,_ZN26btBoxBoxCollisionAlgorithmC2EP20btPersistentManifoldRK36btCollisionAlgorithmConstructionInfoPK24btCollisionObjectWrapperS7_
FN:36,_ZN26btBoxBoxCollisionAlgorithmD0Ev
FN:36,_ZN26btBoxBoxCollisionAlgorithmD2Ev
FN:45,_ZN26btBoxBoxCollisionAlgorithm16processCollisionEPK24btCollisionObjectWrapperS2_RK16btDispatcherInfoP16btManifoldResult
FN:80,_ZN26btBoxBoxCollisionAlgorithm21calculateTimeOfImpactEP17btCollisionObjectS1_RK16btDispatcherInfoP16btManifoldResult
FNDA:741,_ZN26btBoxBoxCollisionAlgorithmC2EP20btPersistentManifoldRK36btCollisionAlgorithmConstructionInfoPK24btCollisionObjectWrapperS7_
FNDA:0,_ZN26btBoxBoxCollisionAlgorithmD0Ev
FNDA:618,_ZN26btBoxBoxCollisionAlgorithmD2Ev
FNDA:150550,_ZN26btBoxBoxCollisionAlgorithm16processCollisionEPK24btCollisionObjectWrapperS2_RK16btDispatcherInfoP16btManifoldResult
FNDA:0,_ZN26btBoxBoxCollisionAlgorithm21calculateTimeOfImpactEP17btCollisionObjectS1_RK16btDispatcherInfoP16btManifoldResult
FNF:5
FNH:3
DA:24,741
DA:27,741
DA:29,741
DA:31,741
DA:32,741
DA:34,741
DA:36,1236
DA:38,618
DA:40,618
DA:41,618
DA:43,618
DA:45,150550
DA:47,150550
DA:48,0
DA:51,150550
DA:52,150550
DA:57,301100
DA:62,150550
DA:64,301100
DA:65,301100
DA:67,301100
DA:68,150550
DA:72,150550
DA:74,150550
DA:80,0
DA:83,0
LF:26
LH:23
end_of_record
SF:/mnt/k/Bullet3Acc/BulletMinimal/Bullet/src/BulletCollision/CollisionDispatch/btBoxBoxCollisionAlgorithm.h
FN:44,_ZN26btBoxBoxCollisionAlgorithm22getAllContactManifoldsER20btAlignedObjectArrayIP20btPersistentManifoldE
FNDA:0,_ZN26btBoxBoxCollisionAlgorithm22getAllContactManifoldsER20btAlignedObjectArrayIP20btPersistentManifoldE
FNF:1
FNH:0
DA:44,0
DA:46,0
DA:48,0
DA:50,0
LF:4
LH:0
end_of_record
SF:/mnt/k/Bullet3Acc/BulletMinimal/Bullet/src/BulletCollision/CollisionDispatch/btBoxBoxDetector.h
DA:38,150550
LF:1
LH:1
end_of_record
SF:/mnt/k/Bullet3Acc/BulletMinimal/Bullet/src/BulletCollision/CollisionDispatch/btCollisionObject.h
DA:298,199084
LF:1
LH:1
end_of_record
SF:/mnt/k/Bullet3Acc/BulletMinimal/Bullet/src/BulletCollision/CollisionDispatch/btManifoldResult.h
FN:99,_ZN16btManifoldResult20refreshContactPointsEv
FNDA:150550,_ZN16btManifoldResult20refreshContactPointsEv
FNF:1
FNH:1
DA:72,150550
DA:99,150550
DA:102,150550
DA:105,99542
DA:107,99542
DA:109,0
DA:112,298626
LF:7
LH:6
end_of_record
SF:/mnt/k/Bullet3Acc/BulletMinimal/Bullet/src/BulletCollision/NarrowPhaseCollision/btDiscreteCollisionDetectorInterface.h
DA:46,150550
DA:47,451650
LF:2
LH:2
end_of_record
SF:/mnt/k/Bullet3Acc/BulletMinimal/Bullet/src/LinearMath/btAlignedAllocator.h
DA:86,0
DA:90,0
LF:2
LH:0
end_of_record
SF:/mnt/k/Bullet3Acc/BulletMinimal/Bullet/src/LinearMath/btAlignedObjectArray.h
FN:276,_ZN20btAlignedObjectArrayIP20btPersistentManifoldE9push_backERKS1_
FN:300,_ZN20btAlignedObjectArrayIP20btPersistentManifoldE7reserveEi
FNDA:0,_ZN20btAlignedObjectArrayIP20btPersistentManifoldE9push_backERKS1_
FNDA:0,_ZN20btAlignedObjectArrayIP20btPersistentManifoldE7reserveEi
FNF:2
FNH:0
DA:72,0
DA:77,0
DA:79,0
DA:96,0
DA:104,0
DA:105,0
DA:111,0
DA:113,0
DA:115,0
DA:276,0
DA:278,0
DA:279,0
DA:281,0
DA:285,0
DA:290,0
DA:291,0
DA:300,0
DA:302,0
DA:304,0
DA:306,0
DA:308,0
DA:310,0
DA:313,0
DA:315,0
DA:317,0
DA:320,0
LF:26
LH:0
end_of_record
SF:/mnt/k/Bullet3Acc/BulletMinimal/Bullet/src/LinearMath/btMatrix3x3.h
DA:50,301100
DA:119,301100
DA:120,301100
DA:121,301100
LF:4
LH:4
end_of_record
SF:/mnt/k/Bullet3Acc/BulletMinimal/Bullet/src/LinearMath/btTransform.h
DA:44,903300
DA:71,602200
DA:72,301100
LF:3
LH:3
end_of_record
SF:/mnt/k/Bullet3Acc/BulletMinimal/Bullet/src/LinearMath/btVector3.h
DA:115,301100
LF:1
LH:1
end_of_record
TN:test
SF:/mnt/k/Bullet3Acc/BulletMinimal/Bullet/src/BulletCollision/CollisionDispatch/btBoxBoxDetector.cpp
FN:27,_ZN16btBoxBoxDetectorC2EPK10btBoxShapeS2_
FN:86,_Z20dLineClosestApproachRK9btVector3S1_S1_S1_PfS2_
FN:120,_ZL18intersectRectQuad2PfS_S_
FN:185,_Z11cullPoints2iPfiiPi
FN:262,_Z8dBoxBox2RK9btVector3PKfS1_S1_S3_S1_RS_PfPiiP12dContactGeomiRN36btDiscreteCollisionDetectorInterface6ResultE
FN:673,_ZN16btBoxBoxDetector16getClosestPointsERKN36btDiscreteCollisionDetectorInterface17ClosestPointInputERNS0_6ResultEP12btIDebugDrawb
FNDA:150550,_ZN16btBoxBoxDetectorC2EPK10btBoxShapeS2_
FNDA:2763,_Z20dLineClosestApproachRK9btVector3S1_S1_S1_PfS2_
FNDA:72064,_ZL18intersectRectQuad2PfS_S_
FNDA:4083,_Z11cullPoints2iPfiiPi
FNDA:150550,_Z8dBoxBox2RK9btVector3PKfS1_S1_S3_S1_RS_PfPiiP12dContactGeomiRN36btDiscreteCollisionDetectorInterface6ResultE
FNDA:150550,_ZN16btBoxBoxDetector16getClosestPointsERKN36btDiscreteCollisionDetectorInterface17ClosestPointInputERNS0_6ResultEP12btIDebugDrawb
FNF:6
FNH:6
DA:27,150550
DA:29,150550
DA:32,150550
DA:60,320730
DA:61,1643206
DA:62,927911
DA:63,160706
DA:86,2763
DA:90,2763
DA:91,2763
DA:92,2763
DA:93,2763
DA:94,5526
DA:95,5526
DA:96,5526
DA:97,2763
DA:98,2763
DA:100,0
DA:101,0
DA:104,2763
DA:105,2763
DA:106,2763
DA:108,2763
DA:120,72064
DA:124,72064
DA:126,72064
DA:127,72064
DA:128,214796
DA:130,717848
DA:135,2650450
DA:137,1182493
DA:139,1079575
DA:140,1079575
DA:141,1079575
DA:142,1079575
DA:143,1079575
DA:148,1181108
DA:149,1181108
DA:151,356442
DA:152,237628
DA:153,118814
DA:154,118814
DA:155,118814
DA:156,118814
DA:161,1181097
DA:163,286860
DA:164,286860
DA:165,286860
DA:168,70668
DA:169,72064
DA:170,72064
DA:185,4083
DA:190,4083
DA:191,0
DA:192,0
DA:194,4083
DA:195,0
DA:196,0
DA:202,45971
DA:203,20944
DA:204,20944
DA:205,20944
DA:206,20944
DA:208,4083
DA:209,8166
DA:211,4083
DA:216,4083
DA:217,4083
DA:222,29110
DA:226,29110
DA:227,4083
DA:228,4083
DA:229,4083
DA:230,16332
DA:231,12249
DA:232,12249
DA:233,12249
DA:235,12249
DA:237,87330
DA:238,75081
DA:239,101166
DA:240,50583
DA:241,50583
DA:242,29178
DA:243,29178
DA:250,12249
DA:251,12249
DA:253,4083
DA:262,150550
DA:268,150550
DA:269,301100
DA:270,150550
DA:276,301100
DA:277,602200
DA:280,150550
DA:281,150550
DA:282,150550
DA:283,150550
DA:284,150550
DA:285,150550
DA:288,602200
DA:289,602200
DA:290,602200
DA:292,602200
DA:293,602200
DA:294,602200
DA:316,150550
DA:317,150550
DA:318,150550
DA:321,301100
DA:322,281168
DA:323,207488
DA:326,276528
DA:327,263310
DA:328,240369
DA:348,76900
DA:350,76900
DA:351,76900
DA:352,76900
DA:354,76900
DA:355,76900
DA:356,76900
DA:358,76900
DA:359,76900
DA:360,76900
DA:363,230580
DA:364,230149
DA:365,229461
DA:368,228662
DA:369,228113
DA:370,227505
DA:373,226828
DA:374,226269
DA:375,225357
DA:379,74827
DA:383,74827
DA:384,72064
DA:385,72064
DA:386,72064
DA:389,11052
DA:391,74827
DA:392,8465
DA:393,8465
DA:394,8465
DA:396,74827
DA:400,74827
DA:403,2763
DA:405,11052
DA:406,19341
DA:407,16578
DA:408,8289
DA:412,2763
DA:413,11052
DA:414,19341
DA:415,16578
DA:416,8289
DA:420,5526
DA:421,2763
DA:422,11052
DA:424,2763
DA:425,2763
DA:426,11052
DA:432,2763
DA:439,5526
DA:442,2763
DA:453,72064
DA:454,59190
DA:455,59190
DA:456,59190
DA:457,59190
DA:458,59190
DA:459,59190
DA:462,12874
DA:463,12874
DA:464,12874
DA:465,12874
DA:466,12874
DA:467,12874
DA:472,144128
DA:473,72064
DA:474,59190
DA:475,59190
DA:476,59190
DA:479,12874
DA:480,12874
DA:481,12874
DA:483,288256
DA:484,144128
DA:485,144128
DA:486,144128
DA:492,72064
DA:493,17155
DA:499,6353
DA:500,6353
DA:501,6353
DA:505,54909
DA:511,5696
DA:512,5696
DA:513,5696
DA:518,72064
DA:519,72064
DA:520,90084
DA:523,198172
DA:528,72064
DA:529,72064
DA:533,9232
DA:538,3090
DA:539,3090
DA:545,144128
DA:546,144128
DA:550,144128
DA:551,144128
DA:552,144128
DA:553,144128
DA:555,72064
DA:556,72064
DA:557,72064
DA:558,72064
DA:559,72064
DA:560,72064
DA:561,72064
DA:562,72064
DA:563,72064
DA:564,72064
DA:565,72064
DA:566,72064
DA:571,72064
DA:572,72064
DA:576,72064
DA:577,72064
DA:585,72032
DA:586,72032
DA:587,72032
DA:588,72032
DA:589,72032
DA:590,72032
DA:591,376184
DA:592,304152
DA:593,304152
DA:594,2129064
DA:595,1824912
DA:596,608304
DA:597,304152
DA:598,215638
DA:599,215638
DA:600,215638
DA:603,72032
DA:606,71773
DA:607,71773
DA:609,71773
DA:611,67690
DA:614,383491
DA:616,163352
DA:617,653408
DA:618,490056
DA:619,326704
DA:625,65421
DA:627,27259
DA:628,109036
DA:629,163554
DA:631,54518
DA:638,4083
DA:639,4083
DA:640,25027
DA:641,20944
DA:642,7910
DA:643,7910
DA:648,4083
DA:650,20415
DA:655,16332
DA:656,65328
DA:657,48996
DA:658,16332
DA:660,17968
DA:663,29392
DA:666,4083
DA:669,71773
DA:670,71773
DA:673,150550
DA:676,150550
DA:677,150550
DA:679,150550
DA:680,150550
DA:685,602200
DA:687,451650
DA:688,451650
DA:690,451650
DA:691,451650
DA:694,451650
DA:695,451650
DA:701,150550
DA:704,150550
DA:707,301100
DA:709,451650
DA:712,451650
DA:718,150550
LF:296
LH:290
end_of_record
SF:/mnt/k/Bullet3Acc/BulletMinimal/Bullet/src/BulletCollision/CollisionDispatch/btBoxBoxDetector.h
FN:38,_ZN16btBoxBoxDetectorD2Ev
FN:38,_ZN16btBoxBoxDetectorD0Ev
FNDA:0,_ZN16btBoxBoxDetectorD0Ev
FNDA:0,_ZN16btBoxBoxDetectorD2Ev
FNF:2
FNH:0
DA:38,0
LF:1
LH:0
end_of_record
SF:/mnt/k/Bullet3Acc/BulletMinimal/Bullet/src/BulletCollision/CollisionShapes/btBoxShape.h
FN:36,_ZNK10btBoxShape24getHalfExtentsWithMarginEv
FNDA:301100,_ZNK10btBoxShape24getHalfExtentsWithMarginEv
FNF:1
FNH:1
DA:36,301100
DA:38,301100
DA:39,602200
DA:40,602200
DA:41,301100
LF:5
LH:5
end_of_record
SF:/mnt/k/Bullet3Acc/BulletMinimal/Bullet/src/BulletCollision/CollisionShapes/btConvexInternalShape.h
FN:113,_ZNK21btConvexInternalShape9getMarginEv
FNDA:903300,_ZNK21btConvexInternalShape9getMarginEv
FNF:1
FNH:1
DA:113,903300
DA:115,903300
LF:2
LH:2
end_of_record
SF:/mnt/k/Bullet3Acc/BulletMinimal/Bullet/src/BulletCollision/NarrowPhaseCollision/btDiscreteCollisionDetectorInterface.h
FN:79,_ZN15btStorageResult15addContactPointERK9btVector3S2_f
FNDA:0,_ZN15btStorageResult15addContactPointERK9btVector3S2_f
FNF:1
FNH:0
DA:79,0
DA:81,0
DA:83,0
DA:84,0
DA:85,0
DA:87,0
LF:6
LH:0
end_of_record
SF:/mnt/k/Bullet3Acc/BulletMinimal/Bullet/src/LinearMath/btScalar.h
DA:376,682926
DA:379,2965754
DA:398,25027
LF:3
LH:3
end_of_record
SF:/mnt/k/Bullet3Acc/BulletMinimal/Bullet/src/LinearMath/btTransform.h
DA:119,301100
LF:1
LH:1
end_of_record
SF:/mnt/k/Bullet3Acc/BulletMinimal/Bullet/src/LinearMath/btVector3.h
DA:115,663223
DA:128,451650
DA:129,451650
DA:130,451650
DA:131,451650
DA:166,301100
DA:167,301100
DA:168,301100
DA:571,81777
DA:572,160706
DA:780,157898
DA:781,157898
DA:782,157898
DA:783,157898
DA:797,209706
DA:813,308448
DA:821,301100
LF:17
LH:17
end_of_record
SF:/usr/include/x86_64-linux-gnu/bits/string_fortified.h
DA:34,72064
LF:1
LH:1
end_of_record
TN:test
SF:/mnt/k/Bullet3Acc/BulletMinimal/Bullet/src/BulletCollision/BroadphaseCollision/btCollisionAlgorithm.h
DA:35,1187
LF:1
LH:1
end_of_record
SF:/mnt/k/Bullet3Acc/BulletMinimal/Bullet/src/BulletCollision/BroadphaseCollision/btOverlappingPairCache.h
FN:425,_ZN15btNullPairCache26processAllOverlappingPairsEP17btOverlapCallbackP12btDispatcher
FNDA:0,_ZN15btNullPairCache26processAllOverlappingPairsEP17btOverlapCallbackP12btDispatcher
FNF:1
FNH:0
DA:425,0
DA:427,0
LF:2
LH:0
end_of_record
SF:/mnt/k/Bullet3Acc/BulletMinimal/Bullet/src/BulletCollision/CollisionDispatch/btCollisionCreateFunc.h
FN:36,_ZN30btCollisionAlgorithmCreateFunc24CreateCollisionAlgorithmER36btCollisionAlgorithmConstructionInfoPK24btCollisionObjectWrapperS4_
FNDA:0,_ZN30btCollisionAlgorithmCreateFunc24CreateCollisionAlgorithmER36btCollisionAlgorithmConstructionInfoPK24btCollisionObjectWrapperS4_
FNF:1
FNH:0
DA:36,0
DA:41,0
LF:2
LH:0
end_of_record
SF:/mnt/k/Bullet3Acc/BulletMinimal/Bullet/src/BulletCollision/CollisionDispatch/btCollisionDispatcher.cpp
FN:37,_ZN21btCollisionDispatcherC2EP24btCollisionConfiguration
FN:62,_ZN21btCollisionDispatcher27registerCollisionCreateFuncEiiP30btCollisionAlgorithmCreateFunc
FN:67,_ZN21btCollisionDispatcherD2Ev
FN:67,_ZN21btCollisionDispatcherD0Ev
FN:71,_ZN21btCollisionDispatcher14getNewManifoldEPK17btCollisionObjectS2_
FN:112,_ZN21btCollisionDispatcher13clearManifoldEP20btPersistentManifold
FN:118,_ZN21btCollisionDispatcher15releaseManifoldEP20btPersistentManifold
FN:145,_ZN21btCollisionDispatcher13findAlgorithmEPK24btCollisionObjectWrapperS2_P20btPersistentManifold
FN:160,_ZN21btCollisionDispatcher13needsResponseEPK17btCollisionObjectS2_
FN:171,_ZN21btCollisionDispatcher14needsCollisionEPK17btCollisionObjectS2_
FN:225,_ZN23btCollisionPairCallbackD0Ev
FN:225,_ZN23btCollisionPairCallbackD2Ev
FN:228,_ZN23btCollisionPairCallback14processOverlapER16btBroadphasePair
FN:238,_ZN21btCollisionDispatcher25dispatchAllCollisionPairsEP22btOverlappingPairCacheRK16btDispatcherInfoP12btDispatcher
FN:254,_ZN21btCollisionDispatcher19defaultNearCallbackER16btBroadphasePairRS_RK16btDispatcherInfo
FN:294,_ZN21btCollisionDispatcher26allocateCollisionAlgorithmEi
FN:305,_ZN21btCollisionDispatcher22freeCollisionAlgorithmEPv
FNDA:1,_ZN21btCollisionDispatcherC2EP24btCollisionConfiguration
FNDA:0,_ZN21btCollisionDispatcher27registerCollisionCreateFuncEiiP30btCollisionAlgorithmCreateFunc
FNDA:0,_ZN21btCollisionDispatcherD0Ev
FNDA:0,_ZN21btCollisionDispatcherD2Ev
FNDA:1187,_ZN21btCollisionDispatcher14getNewManifoldEPK17btCollisionObjectS2_
FNDA:1036,_ZN21btCollisionDispatcher13clearManifoldEP20btPersistentManifold
FNDA:1036,_ZN21btCollisionDispatcher15releaseManifoldEP20btPersistentManifold
FNDA:1187,_ZN21btCollisionDispatcher13findAlgorithmEPK24btCollisionObjectWrapperS2_P20btPersistentManifold
FNDA:211627,_ZN21btCollisionDispatcher13needsResponseEPK17btCollisionObjectS2_
FNDA:225919,_ZN21btCollisionDispatcher14needsCollisionEPK17btCollisionObjectS2_
FNDA:0,_ZN23btCollisionPairCallbackD0Ev
FNDA:0,_ZN23btCollisionPairCallbackD2Ev
FNDA:225178,_ZN23btCollisionPairCallback14processOverlapER16btBroadphasePair
FNDA:1558,_ZN21btCollisionDispatcher25dispatchAllCollisionPairsEP22btOverlappingPairCacheRK16btDispatcherInfoP12btDispatcher
FNDA:225178,_ZN21btCollisionDispatcher19defaultNearCallbackER16btBroadphasePairRS_RK16btDispatcherInfo
FNDA:1187,_ZN21btCollisionDispatcher26allocateCollisionAlgorithmEi
FNDA:1036,_ZN21btCollisionDispatcher22freeCollisionAlgorithmEPv
FNF:17
FNH:12
DA:37,1
DA:39,3
DA:43,2
DA:45,1
DA:47,1
DA:49,37
DA:51,2628
DA:53,1296
DA:59,1
DA:62,0
DA:64,0
DA:65,0
DA:67,0
DA:69,0
DA:71,1187
DA:73,1187
DA:81,2374
DA:82,3561
DA:83,1187
DA:85,2374
DA:87,1187
DA:89,1187
DA:91,2374
DA:95,0
DA:97,0
DA:105,2374
DA:106,1187
DA:107,1187
DA:109,1187
DA:112,1036
DA:114,1036
DA:115,1036
DA:118,1036
DA:121,1036
DA:124,1036
DA:126,1036
DA:128,2072
DA:129,1036
DA:130,1036
DA:133,2072
DA:135,1036
DA:138,0
DA:141,1036
DA:145,1187
DA:148,1187
DA:150,1187
DA:151,1187
DA:152,1187
DA:154,1187
DA:160,211627
DA:164,634881
DA:166,423254
DA:167,354859
DA:168,211627
DA:171,225919
DA:176,225919
DA:192,0
DA:193,0
DA:195,225919
DA:211,1558
DA:212,1558
DA:225,1558
DA:228,225178
DA:230,225178
DA:232,225178
DA:238,1558
DA:242,3116
DA:244,1558
DA:248,1558
DA:254,225178
DA:256,225178
DA:257,225178
DA:259,225178
DA:261,423318
DA:262,423318
DA:266,211659
DA:268,1187
DA:271,211659
DA:273,423318
DA:275,211659
DA:279,211659
DA:283,0
DA:284,0
DA:285,0
DA:291,225178
DA:294,1187
DA:296,1187
DA:298,2374
DA:302,0
DA:305,1036
DA:307,2072
DA:309,1036
DA:312,0
DA:314,1036
LF:94
LH:79
end_of_record
SF:/mnt/k/Bullet3Acc/BulletMinimal/Bullet/src/BulletCollision/CollisionDispatch/btCollisionDispatcher.h
FN:87,_ZNK21btCollisionDispatcher15getNumManifoldsEv
FN:92,_ZN21btCollisionDispatcher26getInternalManifoldPointerEv
FN:97,_ZN21btCollisionDispatcher26getManifoldByIndexInternalEi
FN:158,_ZN21btCollisionDispatcher23getInternalManifoldPoolEv
FN:163,_ZNK21btCollisionDispatcher23getInternalManifoldPoolEv
FNDA:0,_ZNK21btCollisionDispatcher15getNumManifoldsEv
FNDA:0,_ZN21btCollisionDispatcher26getInternalManifoldPointerEv
FNDA:878729,_ZN21btCollisionDispatcher26getManifoldByIndexInternalEi
FNDA:0,_ZN21btCollisionDispatcher23getInternalManifoldPoolEv
FNDA:0,_ZNK21btCollisionDispatcher23getInternalManifoldPoolEv
FNF:5
FNH:1
DA:87,0
DA:89,0
DA:92,0
DA:94,0
DA:97,878729
DA:99,1757458
DA:128,1
DA:158,0
DA:160,0
DA:163,0
DA:165,0
LF:11
LH:3
end_of_record
SF:/mnt/k/Bullet3Acc/BulletMinimal/Bullet/src/BulletCollision/CollisionDispatch/btCollisionObject.h
FN:109,_ZNK17btCollisionObject24checkCollideWithOverrideEPKS_
FNDA:0,_ZNK17btCollisionObject24checkCollideWithOverrideEPKS_
FNF:1
FNH:0
DA:109,0
DA:111,0
DA:191,283243
DA:195,423254
DA:255,225919
DA:293,423318
DA:444,212400
DA:445,0
LF:8
LH:5
end_of_record
SF:/mnt/k/Bullet3Acc/BulletMinimal/Bullet/src/BulletCollision/CollisionDispatch/btCollisionObjectWrapper.h
DA:32,423318
LF:1
LH:1
end_of_record
SF:/mnt/k/Bullet3Acc/BulletMinimal/Bullet/src/BulletCollision/CollisionDispatch/btManifoldResult.h
FN:68,_ZN16btManifoldResultD0Ev
FN:68,_ZN16btManifoldResultD2Ev
FN:84,_ZN16btManifoldResult20setShapeIdentifiersAEii
FN:90,_ZN16btManifoldResult20setShapeIdentifiersBEii
FNDA:0,_ZN16btManifoldResultD0Ev
FNDA:0,_ZN16btManifoldResultD2Ev
FNDA:0,_ZN16btManifoldResult20setShapeIdentifiersAEii
FNDA:0,_ZN16btManifoldResult20setShapeIdentifiersBEii
FNF:4
FNH:0
DA:63,1
DA:68,211659
DA:84,0
DA:86,0
DA:87,0
DA:88,0
DA:90,0
DA:92,0
DA:93,0
DA:94,0
LF:10
LH:2
end_of_record
SF:/mnt/k/Bullet3Acc/BulletMinimal/Bullet/src/BulletCollision/NarrowPhaseCollision/btManifoldPoint.h
DA:46,4748
DA:55,37984
LF:2
LH:2
end_of_record
SF:/mnt/k/Bullet3Acc/BulletMinimal/Bullet/src/BulletCollision/NarrowPhaseCollision/btPersistentManifold.h
DA:87,1187
DA:90,7122
DA:224,1037
DA:226,1
DA:228,1036
LF:5
LH:5
end_of_record
SF:/mnt/k/Bullet3Acc/BulletMinimal/Bullet/src/LinearMath/btAlignedAllocator.h
DA:86,9
DA:90,8
LF:2
LH:2
end_of_record
SF:/mnt/k/Bullet3Acc/BulletMinimal/Bullet/src/LinearMath/btAlignedObjectArray.h
FN:276,_ZN20btAlignedObjectArrayIP20btPersistentManifoldE9push_backERKS1_
FN:300,_ZN20btAlignedObjectArrayIP20btPersistentManifoldE7reserveEi
FNDA:1187,_ZN20btAlignedObjectArrayIP20btPersistentManifoldE9push_backERKS1_
FNDA:9,_ZN20btAlignedObjectArrayIP20btPersistentManifoldE7reserveEi
FNF:2
FNH:2
DA:72,9
DA:77,519
DA:79,255
DA:88,1
DA:89,1
DA:90,1
DA:91,1
DA:96,9
DA:104,9
DA:105,18
DA:111,9
DA:113,8
DA:115,8
DA:126,1
DA:127,1
DA:128,1
DA:133,0
DA:134,0
DA:179,878729
DA:186,0
DA:188,0
DA:190,0
DA:196,1036
DA:276,1187
DA:278,1187
DA:279,1187
DA:281,18
DA:285,1187
DA:290,1187
DA:291,1187
DA:300,9
DA:302,9
DA:304,18
DA:306,18
DA:308,9
DA:310,9
DA:313,9
DA:315,9
DA:317,9
DA:320,9
DA:415,1036
DA:416,1036
DA:417,1036
LF:43
LH:38
end_of_record
SF:/mnt/k/Bullet3Acc/BulletMinimal/Bullet/src/LinearMath/btMinMax.h
DA:25,2374
LF:1
LH:1
end_of_record
SF:/mnt/k/Bullet3Acc/BulletMinimal/Bullet/src/LinearMath/btPoolAllocator.h
DA:76,2374
DA:77,2374
DA:78,2374
DA:84,1036
DA:85,2072
DA:98,2072
DA:99,2072
DA:100,2072
LF:8
LH:8
end_of_record
SF:/mnt/k/Bullet3Acc/BulletMinimal/Bullet/src/LinearMath/btScalar.h
DA:627,1187
LF:1
LH:1
end_of_record
SF:/mnt/k/Bullet3Acc/BulletMinimal/Bullet/src/LinearMath/btVector3.h
DA:115,33236
LF:1
LH:1
end_of_record
TN:test
SF:/mnt/k/Bullet3Acc/BulletMinimal/Bullet/src/BulletCollision/CollisionDispatch/btCollisionObject.cpp
FN:20,_ZN17btCollisionObjectC2Ev
FN:46,_ZN17btCollisionObjectD0Ev
FN:46,_ZN17btCollisionObjectD2Ev
FN:50,_ZNK17btCollisionObject18setActivationStateEi
FN:56,_ZNK17btCollisionObject20forceActivationStateEi
FN:61,_ZNK17btCollisionObject8activateEb
FN:70,_ZNK17btCollisionObject9serializeEPvP12btSerializer
FN:110,_ZNK17btCollisionObject21serializeSingleObjectEP12btSerializer
FNDA:102,_ZN17btCollisionObjectC2Ev
FNDA:0,_ZN17btCollisionObjectD0Ev
FNDA:1,_ZN17btCollisionObjectD2Ev
FNDA:142734,_ZNK17btCollisionObject18setActivationStateEi
FNDA:2,_ZNK17btCollisionObject20forceActivationStateEi
FNDA:0,_ZNK17btCollisionObject8activateEb
FNDA:0,_ZNK17btCollisionObject9serializeEPvP12btSerializer
FNDA:0,_ZNK17btCollisionObject21serializeSingleObjectEP12btSerializer
FNF:8
FNH:4
DA:20,102
DA:41,612
DA:43,204
DA:44,102
DA:46,1
DA:48,1
DA:50,142734
DA:52,142734
DA:53,142734
DA:54,142734
DA:56,2
DA:58,2
DA:59,2
DA:61,0
DA:63,0
DA:65,0
DA:66,0
DA:68,0
DA:70,0
DA:73,0
DA:75,0
DA:79,0
DA:80,0
DA:81,0
DA:82,0
DA:83,0
DA:84,0
DA:85,0
DA:86,0
DA:87,0
DA:88,0
DA:89,0
DA:90,0
DA:91,0
DA:92,0
DA:93,0
DA:95,0
DA:96,0
DA:97,0
DA:99,0
DA:101,0
DA:102,0
DA:103,0
DA:104,0
DA:106,0
DA:110,0
DA:112,0
DA:113,0
DA:114,0
DA:115,0
DA:116,0
LF:51
LH:13
end_of_record
SF:/mnt/k/Bullet3Acc/BulletMinimal/Bullet/src/BulletCollision/CollisionDispatch/btCollisionObject.h
FN:109,_ZNK17btCollisionObject24checkCollideWithOverrideEPKS_
FN:203,_ZN17btCollisionObject17setCollisionShapeEP16btCollisionShape
FN:527,_ZNK17btCollisionObject28calculateSerializeBufferSizeEv
FNDA:0,_ZNK17btCollisionObject24checkCollideWithOverrideEPKS_
FNDA:0,_ZN17btCollisionObject17setCollisionShapeEP16btCollisionShape
FNDA:0,_ZNK17btCollisionObject28calculateSerializeBufferSizeEv
FNF:3
FNH:0
DA:109,0
DA:111,0
DA:116,0
DA:203,0
DA:205,0
DA:206,0
DA:207,0
DA:527,0
DA:529,0
LF:9
LH:0
end_of_record
SF:/mnt/k/Bullet3Acc/BulletMinimal/Bullet/src/LinearMath/btAlignedAllocator.h
DA:86,0
DA:90,0
LF:2
LH:0
end_of_record
SF:/mnt/k/Bullet3Acc/BulletMinimal/Bullet/src/LinearMath/btAlignedObjectArray.h
FN:220,_ZN20btAlignedObjectArrayIiE6resizeEiRKi
FN:276,_ZN20btAlignedObjectArrayI9btHashPtrE9push_backERKS0_
FN:276,_ZN20btAlignedObjectArrayIPvE9push_backERKS0_
FN:276,_ZN20btAlignedObjectArrayIP7btChunkE9push_backERKS1_
FN:276,_ZN20btAlignedObjectArrayI12btPointerUidE9push_backERKS0_
FN:300,_ZN20btAlignedObjectArrayIiE7reserveEi
FN:300,_ZN20btAlignedObjectArrayI9btHashPtrE7reserveEi
FN:300,_ZN20btAlignedObjectArrayI12btPointerUidE7reserveEi
FN:300,_ZN20btAlignedObjectArrayIP7btChunkE7reserveEi
FN:300,_ZN20btAlignedObjectArrayIPvE7reserveEi
FNDA:0,_ZN20btAlignedObjectArrayIiE6resizeEiRKi
FNDA:0,_ZN20btAlignedObjectArrayIPvE9push_backERKS0_
FNDA:0,_ZN20btAlignedObjectArrayI9btHashPtrE9push_backERKS0_
FNDA:0,_ZN20btAlignedObjectArrayI12btPointerUidE9push_backERKS0_
FNDA:0,_ZN20btAlignedObjectArrayIP7btChunkE9push_backERKS1_
FNDA:0,_ZN20btAlignedObjectArrayIPvE7reserveEi
FNDA:0,_ZN20btAlignedObjectArrayI9btHashPtrE7reserveEi
[...]
DA:166,0
DA:167,0
DA:168,0
DA:170,0
DA:230,0
DA:245,0
DA:246,0
DA:247,0
DA:362,0
DA:394,0
DA:395,0
DA:396,0
DA:397,0
DA:546,0
DA:548,0
DA:550,0
DA:571,0
DA:572,0
DA:625,0
DA:627,0
DA:628,0
DA:629,0
DA:630,0
DA:631,0
DA:703,0
DA:730,0
DA:737,0
DA:744,0
DA:745,0
DA:746,0
DA:747,0
DA:769,0
DA:780,0
DA:781,0
DA:782,0
DA:783,0
DA:789,0
DA:797,0
DA:803,0
DA:813,0
DA:819,0
DA:821,0
DA:1262,0
DA:1264,0
DA:1266,0
DA:1267,0
DA:1268,0
DA:1269,0
DA:1270,0
DA:1272,0
DA:1273,0
DA:1274,0
DA:1278,0
DA:1279,0
DA:1280,0
DA:1281,0
DA:1282,0
DA:1284,0
DA:1285,0
DA:1286,0
DA:1288,0
LF:72
LH:0
end_of_record
TN:test
SF:/mnt/k/Bullet3Acc/BulletMinimal/BulletExample/Chapter8/GameObject.cpp
FN:2,_ZN10GameObjectC2EP16btCollisionShapefRK9btVector3S4_RK12btQuaternion
FN:36,_ZN10GameObjectD2Ev
FNDA:101,_ZN10GameObjectC2EP16btCollisionShapefRK9btVector3S4_RK12btQuaternion
FNDA:0,_ZN10GameObjectD2Ev
FNF:2
FNH:1
DA:2,101
DA:4,101
DA:7,101
DA:10,101
DA:11,101
DA:12,101
DA:13,101
DA:17,101
DA:20,101
DA:24,101
DA:25,100
DA:30,101
DA:33,101
DA:34,101
DA:36,0
DA:37,0
DA:38,0
DA:39,0
DA:40,0
LF:19
LH:14
end_of_record
SF:/mnt/k/Bullet3Acc/BulletMinimal/BulletExample/Chapter8/OpenGLMotionState.h
FN:6,_ZN17OpenGLMotionStateD2Ev
FN:6,_ZN17OpenGLMotionStateD0Ev
FN:8,_ZN17OpenGLMotionStateC2ERK11btTransform
FNDA:0,_ZN17OpenGLMotionStateD0Ev
FNDA:0,_ZN17OpenGLMotionStateD2Ev
FNDA:101,_ZN17OpenGLMotionStateC2ERK11btTransform
FNF:3
FNH:1
DA:6,0
DA:8,101
LF:2
LH:1
end_of_record
SF:/mnt/k/Bullet3Acc/BulletMinimal/Bullet/src/BulletCollision/CollisionDispatch/btCollisionObject.h
FN:116,_ZN17btCollisionObjectnwEm
FN:116,_ZN17btCollisionObjectdlEPv
FNDA:0,_ZN17btCollisionObjectdlEPv
FNDA:0,_ZN17btCollisionObjectnwEm
FNF:2
FNH:0
DA:116,0
LF:1
LH:0
end_of_record
SF:/mnt/k/Bullet3Acc/BulletMinimal/Bullet/src/BulletCollision/CollisionShapes/btTriangleInfoMap.h
FN:77,_ZN17btTriangleInfoMapD2Ev
FN:77,_ZN17btTriangleInfoMapD0Ev
FN:117,_ZNK17btTriangleInfoMap28calculateSerializeBufferSizeEv
FN:123,_ZNK17btTriangleInfoMap9serializeEPvP12btSerializer
FNDA:0,_ZN17btTriangleInfoMapD0Ev
FNDA:0,_ZN17btTriangleInfoMapD2Ev
FNDA:0,_ZNK17btTriangleInfoMap28calculateSerializeBufferSizeEv
FNDA:0,_ZNK17btTriangleInfoMap9serializeEPvP12btSerializer
FNF:4
FNH:0
DA:77,0
DA:117,0
DA:119,0
DA:123,0
DA:125,0
DA:126,0
DA:127,0
DA:128,0
DA:129,0
DA:130,0
DA:132,0
DA:134,0
DA:135,0
DA:138,0
DA:139,0
DA:140,0
DA:141,0
DA:142,0
DA:144,0
DA:146,0
DA:150,0
DA:151,0
DA:152,0
DA:154,0
DA:155,0
DA:156,0
DA:157,0
DA:158,0
DA:160,0
DA:162,0
DA:165,0
DA:166,0
DA:167,0
DA:169,0
DA:170,0
DA:171,0
DA:172,0
DA:173,0
DA:175,0
DA:176,0
DA:177,0
DA:178,0
DA:180,0
DA:183,0
DA:184,0
DA:185,0
DA:187,0
DA:188,0
DA:189,0
DA:190,0
DA:191,0
DA:193,0
DA:195,0
DA:198,0
LF:54
LH:0
end_of_record
SF:/mnt/k/Bullet3Acc/BulletMinimal/Bullet/src/BulletDynamics/ConstraintSolver/btTypedConstraint.h
FN:161,_ZN17btTypedConstraint13buildJacobianEv
FN:164,_ZN17btTypedConstraint21setupSolverConstraintER20btAlignedObjectArrayI18btSolverConstraintEiif
FN:212,_ZN17btTypedConstraint23solveConstraintObsoleteER12btSolverBodyS1_f
FN:381,_ZNK17btTypedConstraint28calculateSerializeBufferSizeEv
FNDA:0,_ZN17btTypedConstraint13buildJacobianEv
FNDA:0,_ZN17btTypedConstraint21setupSolverConstraintER20btAlignedObjectArrayI18btSolverConstraintEiif
FNDA:0,_ZN17btTypedConstraint23solveConstraintObsoleteER12btSolverBodyS1_f
FNDA:0,_ZNK17btTypedConstraint28calculateSerializeBufferSizeEv
FNF:4
FNH:0
DA:161,0
DA:164,0
DA:170,0
DA:212,0
DA:381,0
DA:383,0
LF:6
LH:0
end_of_record
SF:/mnt/k/Bullet3Acc/BulletMinimal/Bullet/src/BulletDynamics/Dynamics/btRigidBody.h
FN:149,_ZN11btRigidBody27btRigidBodyConstructionInfoC2EfP13btMotionStateP16btCollisionShapeRK9btVector3
FNDA:101,_ZN11btRigidBody27btRigidBodyConstructionInfoC2EfP13btMotionStateP16btCollisionShapeRK9btVector3
FNF:1
FNH:1
DA:149,101
DA:165,101
DA:167,101
DA:168,101
LF:4
LH:4
end_of_record
SF:/mnt/k/Bullet3Acc/BulletMinimal/Bullet/src/LinearMath/btAlignedAllocator.h
FN:89,_ZN18btAlignedAllocatorI14btTriangleInfoLj16EE10deallocateEPS0_
FN:89,_ZN18btAlignedAllocatorI9btHashIntLj16EE10deallocateEPS0_
FN:89,_ZN18btAlignedAllocatorIiLj16EE10deallocateEPi
FNDA:0,_ZN18btAlignedAllocatorI14btTriangleInfoLj16EE10deallocateEPS0_
FNDA:0,_ZN18btAlignedAllocatorI9btHashIntLj16EE10deallocateEPS0_
FNDA:0,_ZN18btAlignedAllocatorIiLj16EE10deallocateEPi
FNF:3
FNH:0
DA:89,0
DA:90,0
DA:91,0
LF:3
LH:0
end_of_record
SF:/mnt/k/Bullet3Acc/BulletMinimal/Bullet/src/LinearMath/btAlignedObjectArray.h
FN:85,_ZN20btAlignedObjectArrayIiE4initEv
FN:85,_ZN20btAlignedObjectArrayI9btHashIntE4initEv
FN:85,_ZN20btAlignedObjectArrayI14btTriangleInfoE4initEv
FN:93,_ZN20btAlignedObjectArrayIiE7destroyEii
FN:93,_ZN20btAlignedObjectArrayI14btTriangleInfoE7destroyEii
FN:93,_ZN20btAlignedObjectArrayI9btHashIntE7destroyEii
FN:109,_ZN20btAlignedObjectArrayI14btTriangleInfoE10deallocateEv
FN:109,_ZN20btAlignedObjectArrayIiE10deallocateEv
FN:109,_ZN20btAlignedObjectArrayI9btHashIntE10deallocateEv
FN:131,_ZN20btAlignedObjectArrayI14btTriangleInfoED2Ev
FN:131,_ZN20btAlignedObjectArrayIiED2Ev
FN:131,_ZN20btAlignedObjectArrayI9btHashIntED2Ev
FN:149,_ZNK20btAlignedObjectArrayI9btHashIntE4sizeEv
FN:149,_ZNK20btAlignedObjectArrayIiE4sizeEv
FN:149,_ZNK20btAlignedObjectArrayI14btTriangleInfoE4sizeEv
FN:168,_ZNK20btAlignedObjectArrayIiEixEi
FN:168,_ZNK20btAlignedObjectArrayI14btTriangleInfoEixEi
FN:168,_ZNK20btAlignedObjectArrayI9btHashIntEixEi
FN:184,_ZN20btAlignedObjectArrayIiE5clearEv
FN:184,_ZN20btAlignedObjectArrayI14btTriangleInfoE5clearEv
FN:184,_ZN20btAlignedObjectArrayI9btHashIntE5clearEv
FNDA:0,_ZN20btAlignedObjectArrayI14btTriangleInfoE4initEv
FNDA:0,_ZN20btAlignedObjectArrayI9btHashIntE4initEv
FNDA:0,_ZN20btAlignedObjectArrayIiE4initEv
FNDA:0,_ZN20btAlignedObjectArrayI14btTriangleInfoE7destroyEii
FNDA:0,_ZN20btAlignedObjectArrayI9btHashIntE7destroyEii
FNDA:0,_ZN20btAlignedObjectArrayIiE7destroyEii
FNDA:0,_ZN20btAlignedObjectArrayI14btTriangleInfoE10deallocateEv
FNDA:0,_ZN20btAlignedObjectArrayI9btHashIntE10deallocateEv
FNDA:0,_ZN20btAlignedObjectArrayIiE10deallocateEv
FNDA:0,_ZN20btAlignedObjectArrayI14btTriangleInfoED2Ev
FNDA:0,_ZN20btAlignedObjectArrayI9btHashIntED2Ev
FNDA:0,_ZN20btAlignedObjectArrayIiED2Ev
FNDA:0,_ZNK20btAlignedObjectArrayI9btHashIntE4sizeEv
FNDA:0,_ZNK20btAlignedObjectArrayI14btTriangleInfoE4sizeEv
FNDA:0,_ZNK20btAlignedObjectArrayIiE4sizeEv
FNDA:0,_ZNK20btAlignedObjectArrayI9btHashIntEixEi
FNDA:0,_ZNK20btAlignedObjectArrayI14btTriangleInfoEixEi
FNDA:0,_ZNK20btAlignedObjectArrayIiEixEi
FNDA:0,_ZN20btAlignedObjectArrayI14btTriangleInfoE5clearEv
FNDA:0,_ZN20btAlignedObjectArrayI9btHashIntE5clearEv
FNDA:0,_ZN20btAlignedObjectArrayIiE5clearEv
FNF:21
FNH:0
DA:85,0
DA:88,0
DA:89,0
DA:90,0
DA:91,0
DA:92,0
DA:93,0
DA:96,0
DA:98,0
DA:100,0
DA:109,0
DA:111,0
DA:113,0
DA:115,0
DA:117,0
DA:119,0
DA:131,0
DA:133,0
DA:134,0
DA:149,0
DA:151,0
DA:168,0
DA:172,0
DA:184,0
DA:186,0
DA:188,0
DA:190,0
DA:191,0
LF:28
LH:0
end_of_record
SF:/mnt/k/Bullet3Acc/BulletMinimal/Bullet/src/LinearMath/btDefaultMotionState.h
FN:7,_ZN20btDefaultMotionStateD0Ev
FN:7,_ZN20btDefaultMotionStateD2Ev
FN:14,_ZN20btDefaultMotionStatedlEPv
FN:14,_ZN20btDefaultMotionStatenwEm
FN:16,_ZN20btDefaultMotionStateC2ERK11btTransformS2_
FN:26,_ZNK20btDefaultMotionState17getWorldTransformER11btTransform
FN:33,_ZN20btDefaultMotionState17setWorldTransformERK11btTransform
FNDA:0,_ZN20btDefaultMotionStateD0Ev
FNDA:0,_ZN20btDefaultMotionStateD2Ev
FNDA:0,_ZN20btDefaultMotionStatedlEPv
FNDA:101,_ZN20btDefaultMotionStatenwEm
FNDA:101,_ZN20btDefaultMotionStateC2ERK11btTransformS2_
FNDA:467441,_ZNK20btDefaultMotionState17getWorldTransformER11btTransform
FNDA:416121,_ZN20btDefaultMotionState17setWorldTransformERK11btTransform
FNF:7
FNH:4
DA:7,0
DA:14,101
DA:16,101
DA:17,101
DA:20,101
DA:23,101
DA:26,467441
DA:28,467441
DA:29,467441
DA:33,416121
DA:35,416121
DA:36,416121
LF:12
LH:11
end_of_record
SF:/mnt/k/Bullet3Acc/BulletMinimal/Bullet/src/LinearMath/btHashMap.h
FN:86,_ZNK9btHashInt7getUid1Ev
FN:220,_ZN9btHashMapI9btHashInt14btTriangleInfoED2Ev
FNDA:0,_ZNK9btHashInt7getUid1Ev
FNDA:0,_ZN9btHashMapI9btHashInt14btTriangleInfoED2Ev
FNF:2
FNH:0
DA:86,0
DA:88,0
DA:220,0
LF:3
LH:0
end_of_record
SF:/mnt/k/Bullet3Acc/BulletMinimal/Bullet/src/LinearMath/btMatrix3x3.h
FN:50,_ZN11btMatrix3x3C2Ev
FN:64,_ZN11btMatrix3x3C2ERKfS1_S1_S1_S1_S1_S1_S1_S1_
FN:109,_ZN11btMatrix3x3C2ERKS_
FN:117,_ZN11btMatrix3x3aSERKS_
FN:153,_ZNK11btMatrix3x3ixEi
FN:193,_ZN11btMatrix3x38setValueERKfS1_S1_S1_S1_S1_S1_S1_S1_
FN:204,_ZN11btMatrix3x311setRotationERK12btQuaternion
FN:312,_ZN11btMatrix3x311setIdentityEv
FN:325,_ZN11btMatrix3x311getIdentityEv
FN:611,_ZNK11btMatrix3x35tdotxERK9btVector3
FN:615,_ZNK11btMatrix3x35tdotyERK9btVector3
FN:619,_ZNK11btMatrix3x35tdotzERK9btVector3
FN:975,_ZNK11btMatrix3x39transposeEv
FN:1141,_ZmlRK11btMatrix3x3RK9btVector3
FN:1192,_ZmlRK11btMatrix3x3S1_
FNDA:0,_ZN11btMatrix3x3C2Ev
FNDA:0,_ZN11btMatrix3x3C2ERKfS1_S1_S1_S1_S1_S1_S1_S1_
FNDA:0,_ZN11btMatrix3x3C2ERKS_
FNDA:0,_ZN11btMatrix3x3aSERKS_
FNDA:0,_ZNK11btMatrix3x3ixEi
FNDA:0,_ZN11btMatrix3x38setValueERKfS1_S1_S1_S1_S1_S1_S1_S1_
FNDA:0,_ZN11btMatrix3x311setRotationERK12btQuaternion
FNDA:0,_ZN11btMatrix3x311setIdentityEv
FNDA:1,_ZN11btMatrix3x311getIdentityEv
FNDA:0,_ZNK11btMatrix3x35tdotxERK9btVector3
FNDA:0,_ZNK11btMatrix3x35tdotyERK9btVector3
FNDA:0,_ZNK11btMatrix3x35tdotzERK9btVector3
FNDA:0,_ZNK11btMatrix3x39transposeEv
FNDA:0,_ZmlRK11btMatrix3x3RK9btVector3
FNDA:0,_ZmlRK11btMatrix3x3S1_
FNF:15
FNH:1
DA:50,0
DA:64,0
DA:67,0
DA:68,0
DA:71,0
DA:109,0
DA:110,0
DA:111,0
DA:112,0
DA:113,0
DA:114,0
DA:117,0
DA:119,0
DA:120,0
DA:121,0
DA:122,0
DA:153,0
DA:156,0
DA:193,0
DA:197,0
DA:198,0
DA:199,0
DA:200,0
DA:204,0
DA:206,0
DA:208,0
DA:262,0
DA:263,0
DA:264,0
DA:265,0
DA:266,0
DA:267,0
DA:268,0
DA:269,0
DA:271,0
DA:312,0
DA:319,0
DA:320,0
DA:321,0
DA:323,0
DA:325,1
DA:333,2
DA:334,2
DA:335,3
DA:337,1
DA:611,0
DA:613,0
DA:615,0
DA:617,0
DA:619,0
DA:621,0
DA:975,0
DA:1007,0
DA:1141,0
DA:1146,0
DA:1192,0
DA:1270,0
DA:1271,0
DA:1272,0
LF:59
LH:5
end_of_record
SF:/mnt/k/Bullet3Acc/BulletMinimal/Bullet/src/LinearMath/btMotionState.h
FN:23,_ZN13btMotionStateC2Ev
FN:27,_ZN13btMotionStateD0Ev
FN:27,_ZN13btMotionStateD2Ev
FNDA:101,_ZN13btMotionStateC2Ev
FNDA:0,_ZN13btMotionStateD0Ev
FNDA:0,_ZN13btMotionStateD2Ev
FNF:3
FNH:1
DA:23,101
DA:27,0
DA:28,0
DA:30,0
LF:4
LH:1
end_of_record
SF:/mnt/k/Bullet3Acc/BulletMinimal/Bullet/src/LinearMath/btQuadWord.h
FN:116,_ZNK10btQuadWord1xEv
FN:118,_ZNK10btQuadWord1yEv
FN:120,_ZNK10btQuadWord1zEv
FN:122,_ZNK10btQuadWord1wEv
FNDA:0,_ZNK10btQuadWord1xEv
FNDA:0,_ZNK10btQuadWord1yEv
FNDA:0,_ZNK10btQuadWord1zEv
FNDA:0,_ZNK10btQuadWord1wEv
FNF:4
FNH:0
DA:116,0
DA:118,0
DA:120,0
DA:122,0
LF:4
LH:0
end_of_record
SF:/mnt/k/Bullet3Acc/BulletMinimal/Bullet/src/LinearMath/btQuaternion.h
FN:286,_ZNK12btQuaternion3dotERKS_
FN:313,_ZNK12btQuaternion7length2Ev
FNDA:0,_ZNK12btQuaternion3dotERKS_
FNDA:0,_ZNK12btQuaternion7length2Ev
FNF:2
FNH:0
DA:286,0
DA:305,0
DA:306,0
DA:307,0
DA:308,0
DA:313,0
DA:315,0
LF:7
LH:0
end_of_record
SF:/mnt/k/Bullet3Acc/BulletMinimal/Bullet/src/LinearMath/btTransform.h
FN:44,_ZN11btTransformC2Ev
FN:57,_ZN11btTransformC2ERK11btMatrix3x3RK9btVector3
FN:63,_ZN11btTransformC2ERKS_
FN:69,_ZN11btTransformaSERKS_
FN:94,_ZNK11btTransformclERK9btVector3
FN:150,_ZN11btTransform9setOriginERK9btVector3
FN:165,_ZN11btTransform11setRotationERK12btQuaternion
FN:172,_ZN11btTransform11setIdentityEv
FN:188,_ZNK11btTransform7inverseEv
FN:203,_ZN11btTransform11getIdentityEv
FN:238,_ZNK11btTransformmlERKS_
FNDA:0,_ZN11btTransformC2Ev
FNDA:0,_ZN11btTransformC2ERK11btMatrix3x3RK9btVector3
FNDA:0,_ZN11btTransformC2ERKS_
FNDA:0,_ZN11btTransformaSERKS_
FNDA:0,_ZNK11btTransformclERK9btVector3
FNDA:0,_ZN11btTransform9setOriginERK9btVector3
FNDA:101,_ZN11btTransform11setRotationERK12btQuaternion
FNDA:0,_ZN11btTransform11setIdentityEv
FNDA:0,_ZNK11btTransform7inverseEv
FNDA:101,_ZN11btTransform11getIdentityEv
FNDA:883562,_ZNK11btTransformmlERKS_
FNF:11
FNH:3
DA:44,0
DA:57,0
DA:58,3
DA:59,0
DA:60,0
DA:61,0
DA:63,0
DA:64,0
DA:65,0
DA:67,0
DA:69,0
DA:71,0
DA:72,0
DA:73,0
DA:94,0
DA:96,0
DA:150,0
DA:152,0
DA:153,0
DA:165,101
DA:167,101
DA:168,101
DA:172,0
DA:174,0
DA:175,0
DA:176,0
DA:188,0
DA:190,0
DA:191,0
DA:203,101
DA:205,104
DA:206,101
DA:238,883562
DA:240,1767124
DA:241,2650686
LF:35
LH:10
end_of_record
SF:/mnt/k/Bullet3Acc/BulletMinimal/Bullet/src/LinearMath/btVector3.h
FN:114,_ZN9btVector3C2Ev
FN:126,_ZN9btVector3C2ERKfS1_S1_
FN:230,_ZNK9btVector33dotERKS_
FN:560,_ZNK9btVector31xEv
FN:562,_ZNK9btVector31yEv
FN:564,_ZNK9btVector31zEv
FN:625,_ZN9btVector38setValueERKfS1_S1_
FN:703,_ZNK9btVector34dot3ERKS_S1_S1_
FN:737,_ZplRK9btVector3S1_
FN:789,_ZngRK9btVector3
FNDA:0,_ZN9btVector3C2Ev
FNDA:0,_ZN9btVector3C2ERKfS1_S1_
FNDA:0,_ZNK9btVector33dotERKS_
FNDA:0,_ZNK9btVector31xEv
FNDA:0,_ZNK9btVector31yEv
FNDA:0,_ZNK9btVector31zEv
FNDA:0,_ZN9btVector38setValueERKfS1_S1_
FNDA:0,_ZNK9btVector34dot3ERKS_S1_S1_
FNDA:0,_ZplRK9btVector3S1_
FNDA:0,_ZngRK9btVector3
FNF:10
FNH:0
DA:114,0
DA:115,0
DA:117,0
DA:126,0
DA:127,0
DA:128,0
DA:129,0
DA:130,0
DA:131,0
DA:132,0
DA:230,0
DA:245,0
DA:246,0
DA:247,0
DA:560,0
DA:562,0
DA:564,0
DA:625,0
DA:627,0
DA:628,0
DA:629,0
DA:630,0
DA:631,0
DA:703,0
DA:730,0
DA:737,0
DA:744,0
DA:745,0
DA:746,0
DA:747,0
DA:789,0
DA:797,0
LF:32
LH:0
end_of_record
TN:test
SF:/mnt/k/Bullet3Acc/BulletMinimal/BulletExample/Chapter8/CollisionFilteringDemo.h
FN:5,_ZN22CollisionFilteringDemoD2Ev
FNDA:1,_ZN22CollisionFilteringDemoD2Ev
FNF:1
FNH:1
DA:5,1
LF:1
LH:1
end_of_record
SF:/mnt/k/Bullet3Acc/BulletMinimal/BulletExample/Chapter8/FreeGLUTCallbacks.h
FN:12,_ZL16KeyboardCallbackhii
FN:15,_ZL18KeyboardUpCallbackhii
FN:18,_ZL15SpecialCallbackiii
FN:21,_ZL17SpecialUpCallbackiii
FN:24,_ZL15ReshapeCallbackii
FN:27,_ZL12IdleCallbackv
FN:30,_ZL13MouseCallbackiiii
FN:33,_ZL14MotionCallbackii
FN:36,_ZL15DisplayCallbackv
FN:42,_Z8glutmainiPPciiPKcP23BulletOpenGLApplication
FNDA:49,_ZL16KeyboardCallbackhii
FNDA:49,_ZL18KeyboardUpCallbackhii
FNDA:102,_ZL15SpecialCallbackiii
FNDA:102,_ZL17SpecialUpCallbackiii
FNDA:2,_ZL15ReshapeCallbackii
FNDA:6105,_ZL12IdleCallbackv
FNDA:106,_ZL13MouseCallbackiiii
FNDA:1403,_ZL14MotionCallbackii
FNDA:2,_ZL15DisplayCallbackv
FNDA:1,_Z8glutmainiPPciiPKcP23BulletOpenGLApplication
FNF:10
FNH:10
DA:12,49
DA:13,49
DA:14,49
DA:15,49
DA:16,49
DA:17,49
DA:18,102
DA:19,102
DA:20,102
DA:21,102
DA:22,102
DA:23,102
DA:24,2
DA:25,2
DA:26,2
DA:27,6105
DA:28,6105
DA:29,6105
DA:30,106
DA:31,106
DA:32,106
DA:33,1403
DA:34,1403
DA:35,1403
DA:36,2
DA:37,2
DA:38,2
DA:42,1
DA:45,1
DA:48,1
DA:49,1
DA:50,1
DA:51,1
DA:52,1
DA:53,1
DA:56,1
DA:59,1
DA:60,1
DA:61,1
DA:62,1
DA:63,1
DA:64,1
DA:65,1
DA:66,1
DA:67,1
DA:68,1
DA:71,1
DA:76,1
DA:77,1
LF:49
LH:49
end_of_record
SF:/mnt/k/Bullet3Acc/BulletMinimal/Bullet/src/BulletCollision/CollisionShapes/btTriangleInfoMap.h
FN:77,_ZN17btTriangleInfoMapD2Ev
FN:77,_ZN17btTriangleInfoMapD0Ev
FN:117,_ZNK17btTriangleInfoMap28calculateSerializeBufferSizeEv
FN:123,_ZNK17btTriangleInfoMap9serializeEPvP12btSerializer
FNDA:0,_ZN17btTriangleInfoMapD0Ev
FNDA:0,_ZN17btTriangleInfoMapD2Ev
FNDA:0,_ZNK17btTriangleInfoMap28calculateSerializeBufferSizeEv
FNDA:0,_ZNK17btTriangleInfoMap9serializeEPvP12btSerializer
FNF:4
FNH:0
DA:77,0
DA:117,0
DA:119,0
DA:123,0
DA:125,0
DA:126,0
DA:127,0
DA:128,0
DA:129,0
DA:130,0
DA:132,0
DA:134,0
DA:135,0
DA:138,0
DA:139,0
DA:140,0
DA:141,0
DA:142,0
DA:144,0
DA:146,0
DA:150,0
DA:151,0
DA:152,0
DA:154,0
DA:155,0
DA:156,0
DA:157,0
DA:158,0
DA:160,0
DA:162,0
DA:165,0
DA:166,0
DA:167,0
DA:169,0
DA:170,0
DA:171,0
DA:172,0
DA:173,0
DA:175,0
DA:176,0
DA:177,0
DA:178,0
DA:180,0
DA:183,0
DA:184,0
DA:185,0
DA:187,0
DA:188,0
DA:189,0
DA:190,0
DA:191,0
DA:193,0
DA:195,0
DA:198,0
LF:54
LH:0
end_of_record
SF:/mnt/k/Bullet3Acc/BulletMinimal/Bullet/src/BulletDynamics/ConstraintSolver/btTypedConstraint.h
FN:161,_ZN17btTypedConstraint13buildJacobianEv
FN:164,_ZN17btTypedConstraint21setupSolverConstraintER20btAlignedObjectArrayI18btSolverConstraintEiif
FN:212,_ZN17btTypedConstraint23solveConstraintObsoleteER12btSolverBodyS1_f
FN:381,_ZNK17btTypedConstraint28calculateSerializeBufferSizeEv
FNDA:0,_ZN17btTypedConstraint13buildJacobianEv
FNDA:0,_ZN17btTypedConstraint21setupSolverConstraintER20btAlignedObjectArrayI18btSolverConstraintEiif
FNDA:0,_ZN17btTypedConstraint23solveConstraintObsoleteER12btSolverBodyS1_f
FNDA:0,_ZNK17btTypedConstraint28calculateSerializeBufferSizeEv
FNF:4
FNH:0
DA:161,0
DA:164,0
DA:170,0
DA:212,0
DA:381,0
DA:383,0
LF:6
LH:0
end_of_record
SF:/mnt/k/Bullet3Acc/BulletMinimal/Bullet/src/LinearMath/btAlignedAllocator.h
FN:89,_ZN18btAlignedAllocatorI9btHashIntLj16EE10deallocateEPS0_
FN:89,_ZN18btAlignedAllocatorI14btTriangleInfoLj16EE10deallocateEPS0_
FN:89,_ZN18btAlignedAllocatorIiLj16EE10deallocateEPi
FNDA:0,_ZN18btAlignedAllocatorI14btTriangleInfoLj16EE10deallocateEPS0_
FNDA:0,_ZN18btAlignedAllocatorI9btHashIntLj16EE10deallocateEPS0_
FNDA:0,_ZN18btAlignedAllocatorIiLj16EE10deallocateEPi
FNF:3
FNH:0
DA:89,0
DA:90,0
DA:91,0
LF:3
LH:0
end_of_record
SF:/mnt/k/Bullet3Acc/BulletMinimal/Bullet/src/LinearMath/btAlignedObjectArray.h
FN:85,_ZN20btAlignedObjectArrayIiE4initEv
FN:85,_ZN20btAlignedObjectArrayI9btHashIntE4initEv
FN:85,_ZN20btAlignedObjectArrayI14btTriangleInfoE4initEv
FN:93,_ZN20btAlignedObjectArrayIiE7destroyEii
FN:93,_ZN20btAlignedObjectArrayI14btTriangleInfoE7destroyEii
FN:93,_ZN20btAlignedObjectArrayI9btHashIntE7destroyEii
FN:109,_ZN20btAlignedObjectArrayI9btHashIntE10deallocateEv
FN:109,_ZN20btAlignedObjectArrayI14btTriangleInfoE10deallocateEv
FN:109,_ZN20btAlignedObjectArrayIiE10deallocateEv
FN:131,_ZN20btAlignedObjectArrayI14btTriangleInfoED2Ev
FN:131,_ZN20btAlignedObjectArrayIiED2Ev
FN:131,_ZN20btAlignedObjectArrayI9btHashIntED2Ev
FN:149,_ZNK20btAlignedObjectArrayI9btHashIntE4sizeEv
FN:149,_ZNK20btAlignedObjectArrayI14btTriangleInfoE4sizeEv
FN:149,_ZNK20btAlignedObjectArrayIiE4sizeEv
FN:168,_ZNK20btAlignedObjectArrayIiEixEi
FN:168,_ZNK20btAlignedObjectArrayI9btHashIntEixEi
FN:168,_ZNK20btAlignedObjectArrayI14btTriangleInfoEixEi
FN:184,_ZN20btAlignedObjectArrayI14btTriangleInfoE5clearEv
FN:184,_ZN20btAlignedObjectArrayIiE5clearEv
FN:184,_ZN20btAlignedObjectArrayI9btHashIntE5clearEv
FNDA:0,_ZN20btAlignedObjectArrayI14btTriangleInfoE4initEv
FNDA:0,_ZN20btAlignedObjectArrayI9btHashIntE4initEv
FNDA:0,_ZN20btAlignedObjectArrayIiE4initEv
FNDA:0,_ZN20btAlignedObjectArrayI14btTriangleInfoE7destroyEii
FNDA:0,_ZN20btAlignedObjectArrayI9btHashIntE7destroyEii
FNDA:0,_ZN20btAlignedObjectArrayIiE7destroyEii
FNDA:0,_ZN20btAlignedObjectArrayI14btTriangleInfoE10deallocateEv
FNDA:0,_ZN20btAlignedObjectArrayI9btHashIntE10deallocateEv
FNDA:0,_ZN20btAlignedObjectArrayIiE10deallocateEv
FNDA:0,_ZN20btAlignedObjectArrayI14btTriangleInfoED2Ev
FNDA:0,_ZN20btAlignedObjectArrayI9btHashIntED2Ev
FNDA:0,_ZN20btAlignedObjectArrayIiED2Ev
FNDA:0,_ZNK20btAlignedObjectArrayI9btHashIntE4sizeEv
FNDA:0,_ZNK20btAlignedObjectArrayI14btTriangleInfoE4sizeEv
FNDA:0,_ZNK20btAlignedObjectArrayIiE4sizeEv
FNDA:0,_ZNK20btAlignedObjectArrayI9btHashIntEixEi
FNDA:0,_ZNK20btAlignedObjectArrayI14btTriangleInfoEixEi
FNDA:0,_ZNK20btAlignedObjectArrayIiEixEi
FNDA:0,_ZN20btAlignedObjectArrayI14btTriangleInfoE5clearEv
FNDA:0,_ZN20btAlignedObjectArrayI9btHashIntE5clearEv
FNDA:0,_ZN20btAlignedObjectArrayIiE5clearEv
FNF:21
FNH:0
DA:85,0
DA:88,0
DA:89,0
DA:90,0
DA:91,0
DA:92,0
DA:93,0
DA:96,0
DA:98,0
DA:100,0
DA:109,0
DA:111,0
DA:113,0
DA:115,0
DA:117,0
DA:119,0
DA:131,0
DA:133,0
DA:134,0
DA:149,0
DA:151,0
DA:168,0
DA:172,0
DA:184,0
DA:186,0
DA:188,0
DA:190,0
DA:191,0
LF:28
LH:0
end_of_record
SF:/mnt/k/Bullet3Acc/BulletMinimal/Bullet/src/LinearMath/btHashMap.h
FN:86,_ZNK9btHashInt7getUid1Ev
FN:220,_ZN9btHashMapI9btHashInt14btTriangleInfoED2Ev
FNDA:0,_ZNK9btHashInt7getUid1Ev
FNDA:0,_ZN9btHashMapI9btHashInt14btTriangleInfoED2Ev
FNF:2
FNH:0
DA:86,0
DA:88,0
DA:220,0
LF:3
LH:0
end_of_record
SF:/mnt/k/Bullet3Acc/BulletMinimal/BulletExample/Chapter8/main.cpp
FN:5,main
FNDA:1,main
FNF:1
FNH:1
DA:5,1
DA:9,2
DA:10,1
LF:3
LH:3
end_of_record
